{"id":1644534746,"actors":{"50948":{"id":50948,"lastSeenTime":1644534744647,"testSessionId":1644534746,"type":"ACTOR1","tags":[],"_id":"NrG1Ph6zkNpVhpDU","ip":"::ffff:127.0.0.1","tests":[{"currentSegmentIndex":1,"segments":[{"index":0,"status":"completed","timeStarted":1644534750092,"timeCompleted":1644534750095,"result":"passed"},{"index":1,"status":"completed","timeStarted":1644534750102,"timeCompleted":1644534751635,"result":"passed"}],"name":"homePage","path":"web","timeCompleted":null,"timeStarted":1644534750092}]}},"maxIterations":"1","currentIteration":1,"currentTestIndex":1,"currentSegmentIndex":0,"label":"Teste01 11","result":"passed","status":"completed","tests":[{"actions":[{"action":"org.getopentest.selenium.NavigateTo","actorType":"ACTOR1","args":{"url":"https://medicplanos-pedropaulo-softmakersm.vercel.app/"},"isCheckpoint":false,"description":"Navigate para a pagina do site","durationMs":1445,"macroStack":[],"result":"passed","segment":1},{"action":"org.getopentest.selenium.AssertElementPresent","actorType":"ACTOR1","args":{"locator":{"css":"div[class*='styles_headerButtons__3B23e'] p a"}},"isCheckpoint":false,"description":"valida se é a tela orgao regulatorio","durationMs":41,"macroStack":[],"result":"passed","segment":1},{"action":"org.getopentest.selenium.AssertElementText","actorType":"ACTOR1","args":{"textContains":"Entrar","locator":{"css":"div[class*='styles_headerButtons__3B23e'] p a"}},"isCheckpoint":false,"description":"valida se é a tela orgao regulatorio","durationMs":42,"macroStack":[],"result":"passed","segment":1}],"currentIteration":1,"currentSegmentIndex":0,"isDataDriven":false,"name":"homePage","path":"web","result":"passed","status":"completed","segments":[{"index":0,"result":"passed","status":"completed","timeStarted":1644534750092,"timeCompleted":1644534750095},{"index":1,"result":"passed","status":"completed","timeStarted":1644534750102,"timeCompleted":1644534751635}],"tags":[],"timeStarted":1644534750092,"timeCompleted":1644534751635}],"timeCreated":1644534745532,"timeStarted":1644534750092,"timeCompleted":1644534751635,"lastActivity":1644534751635,"_id":"0sBiSIoyOawMStCA","actorTags":[],"environment":"","currentDataRecordIndex":-1}
{"id":1644533631,"actors":{"50948":{"id":50948,"lastSeenTime":1644533626978,"testSessionId":1644533631,"type":"ACTOR1","tags":[],"_id":"NrG1Ph6zkNpVhpDU","ip":"::ffff:127.0.0.1","tests":[{"currentSegmentIndex":1,"segments":[{"index":0,"status":"completed","timeStarted":1644533632597,"timeCompleted":1644533632601,"result":"passed"},{"index":1,"status":"completed","timeStarted":1644533632614,"timeCompleted":1644533634070,"result":"passed"}],"name":"homePage","path":"web","timeCompleted":null,"timeStarted":1644533632597}]}},"maxIterations":"1","currentIteration":1,"currentTestIndex":1,"currentSegmentIndex":0,"label":"Teste01 5","result":"passed","status":"completed","tests":[{"actions":[{"action":"org.getopentest.selenium.NavigateTo","actorType":"ACTOR1","args":{"url":"https://medicplanos-pedropaulo-softmakersm.vercel.app/"},"isCheckpoint":false,"description":"Navigate para a pagina do site","durationMs":1413,"macroStack":[],"result":"passed","segment":1},{"action":"org.getopentest.selenium.AssertElementPresent","actorType":"ACTOR1","args":{"locator":{"css":"div[class*='styles_headerButtons__3B23e']"}},"isCheckpoint":false,"description":"valida se é a tela orgao regulatorio","durationMs":34,"macroStack":[],"result":"passed","segment":1}],"currentIteration":1,"currentSegmentIndex":0,"isDataDriven":false,"name":"homePage","path":"web","result":"passed","status":"completed","segments":[{"index":0,"result":"passed","status":"completed","timeStarted":1644533632597,"timeCompleted":1644533632601},{"index":1,"result":"passed","status":"completed","timeStarted":1644533632614,"timeCompleted":1644533634070}],"tags":[],"timeStarted":1644533632597,"timeCompleted":1644533634071}],"timeCreated":1644533631084,"timeStarted":1644533632597,"timeCompleted":1644533634071,"lastActivity":1644533634070,"_id":"9EyBLUaynxohAhPT","actorTags":[],"environment":"","currentDataRecordIndex":-1}
{"id":1644532148,"actors":{"29306":{"id":29306,"lastSeenTime":1644532148117,"testSessionId":1644532148,"type":"ACTOR1","tags":[],"_id":"s6Wa74PZsWfb9hnP","ip":"::ffff:127.0.0.1","tests":[{"currentSegmentIndex":1,"segments":[{"index":0,"status":"completed","timeStarted":1644532154117,"timeCompleted":1644532154122,"result":"passed"},{"index":1,"status":"completed","timeStarted":1644532154131,"timeCompleted":1644532171701,"result":"failed","stackTrace":"java.lang.RuntimeException: There was an error while executing action no. 4 (org.getopentest.selenium.AssertElementVisible) in segment 1 of test web/Find the React repo on GitHub's website.\nThe action definition was:\n{\n  \"action\": \"org.getopentest.selenium.AssertElementVisible\",\n  \"args\": {\n    \"locator\": {\n      \"xpath\": \"//*[contains(@class,'btn')][contains(text(),'Clone')]\"\n    }\n  },\n  \"description\": \"Verify that the Clone button exists and is visible\"\n}\r\n\tat org.getopentest.base.TestActor.executeTestSegment(TestActor.java:2123)\r\n\tat org.getopentest.base.TestActor.runOneSession(TestActor.java:2981)\r\n\tat org.getopentest.base.TestActor.runOneSession(TestActor.java:3017)\r\n\tat org.getopentest.Main.main(Main.java:20)\r\nCaused by: java.lang.RuntimeException: Failed executing action org.getopentest.selenium.AssertElementVisible with arguments {\"locator\":{\"xpath\":\"//*[contains(@class,'btn')][contains(text(),'Clone')]\"}}\r\n\tat org.getopentest.base.TestActor.executeActionByDef(TestActor.java:1821)\r\n\tat org.getopentest.base.TestActor.executeTestSegment(TestActor.java:2073)\r\n\t... 3 more\r\nCaused by: java.lang.RuntimeException: org.openqa.selenium.TimeoutException: Expected condition failed: waiting for visibility of element located by By.xpath: //*[contains(@class,'btn')][contains(text(),'Clone')] (tried for 10 second(s) with 500 milliseconds interval)\r\n\tat org.getopentest.base.TestActor.executeActionByClassName(TestActor.java:1626)\r\n\tat org.getopentest.base.TestActor.executeActionByDef(TestActor.java:1705)\r\n\t... 4 more\r\nCaused by: org.openqa.selenium.TimeoutException: Expected condition failed: waiting for visibility of element located by By.xpath: //*[contains(@class,'btn')][contains(text(),'Clone')] (tried for 10 second(s) with 500 milliseconds interval)\r\n\tat org.openqa.selenium.support.ui.WebDriverWait.timeoutException(WebDriverWait.java:95)\r\n\tat org.openqa.selenium.support.ui.FluentWait.until(FluentWait.java:272)\r\n\tat org.getopentest.selenium.AssertElementVisible.run(AssertElementVisible.java:20)\r\n\tat org.getopentest.base.TestActor.executeAction(TestActor.java:1527)\r\n\tat org.getopentest.base.TestActor.executeActionByClassName(TestActor.java:1603)\r\n\t... 5 more\r\nCaused by: org.openqa.selenium.NoSuchElementException: no such element: Unable to locate element: {\"method\":\"xpath\",\"selector\":\"//*[contains(@class,'btn')][contains(text(),'Clone')]\"}\n  (Session info: chrome=98.0.4758.82)\nFor documentation on this error, please visit: https://www.seleniumhq.org/exceptions/no_such_element.html\nBuild info: version: '3.141.59', revision: 'e82be7d358', time: '2018-11-14T08:17:03'\nSystem info: host: 'DESKTOP-QEPRTHF', ip: '10.191.36.103', os.name: 'Windows 10', os.arch: 'amd64', os.version: '10.0', java.version: '1.8.0_321'\nDriver info: org.openqa.selenium.chrome.ChromeDriver\nCapabilities {acceptInsecureCerts: false, browserName: chrome, browserVersion: 98.0.4758.82, chrome: {chromedriverVersion: 98.0.4758.80 (7f0488e8ba0d8..., userDataDir: C:\\Users\\xzsid\\AppData\\Loca...}, goog:chromeOptions: {debuggerAddress: localhost:61647}, javascriptEnabled: true, networkConnectionEnabled: false, pageLoadStrategy: normal, platform: WINDOWS, platformName: WINDOWS, proxy: Proxy(), setWindowRect: true, strictFileInteractability: false, timeouts: {implicit: 0, pageLoad: 300000, script: 30000}, unhandledPromptBehavior: dismiss and notify, webauthn:extension:credBlob: true, webauthn:extension:largeBlob: true, webauthn:virtualAuthenticators: true}\nSession ID: 4c88e521d08d8a422ddd048d6abf3e82\n*** Element info: {Using=xpath, value=//*[contains(@class,'btn')][contains(text(),'Clone')]}\r\n\tat sun.reflect.GeneratedConstructorAccessor15.newInstance(Unknown Source)\r\n\tat sun.reflect.DelegatingConstructorAccessorImpl.newInstance(Unknown Source)\r\n\tat java.lang.reflect.Constructor.newInstance(Unknown Source)\r\n\tat org.openqa.selenium.remote.http.W3CHttpResponseCodec.createException(W3CHttpResponseCodec.java:187)\r\n\tat org.openqa.selenium.remote.http.W3CHttpResponseCodec.decode(W3CHttpResponseCodec.java:122)\r\n\tat org.openqa.selenium.remote.http.W3CHttpResponseCodec.decode(W3CHttpResponseCodec.java:49)\r\n\tat org.openqa.selenium.remote.HttpCommandExecutor.execute(HttpCommandExecutor.java:158)\r\n\tat org.openqa.selenium.remote.service.DriverCommandExecutor.execute(DriverCommandExecutor.java:83)\r\n\tat org.openqa.selenium.remote.RemoteWebDriver.execute(RemoteWebDriver.java:552)\r\n\tat org.openqa.selenium.remote.RemoteWebDriver.findElement(RemoteWebDriver.java:323)\r\n\tat org.openqa.selenium.remote.RemoteWebDriver.findElementByXPath(RemoteWebDriver.java:428)\r\n\tat org.openqa.selenium.By$ByXPath.findElement(By.java:353)\r\n\tat org.openqa.selenium.remote.RemoteWebDriver.findElement(RemoteWebDriver.java:315)\r\n\tat org.openqa.selenium.support.ui.ExpectedConditions$7.apply(ExpectedConditions.java:205)\r\n\tat org.openqa.selenium.support.ui.ExpectedConditions$7.apply(ExpectedConditions.java:201)\r\n\tat org.openqa.selenium.support.ui.FluentWait.until(FluentWait.java:249)\r\n\t... 8 more\r\n"}],"name":"Find the React repo on GitHub's website","path":"web","timeCompleted":null,"timeStarted":1644532154117}]}},"maxIterations":"1","currentIteration":1,"currentTestIndex":1,"currentSegmentIndex":0,"label":"Teste","result":"failed","status":"completed","tests":[{"actions":[{"action":"org.getopentest.selenium.NavigateTo","actorType":"ACTOR1","args":{"url":"https://github.com/"},"isCheckpoint":false,"description":"Navigate to the GitHub homepage","durationMs":3185,"macroStack":[],"result":"passed","segment":1},{"action":"org.getopentest.selenium.SendKeys","actorType":"ACTOR1","args":{"text":"react","locator":{"css":"input[name='q']"},"sendEnter":true},"isCheckpoint":false,"description":"Enter \"react\" in the search box","durationMs":1964,"macroStack":[],"result":"passed","segment":1},{"action":"org.getopentest.selenium.Click","actorType":"ACTOR1","args":{"locator":{"css":"a[href='/facebook/react']"}},"isCheckpoint":false,"description":"Click the React link in the search results","durationMs":1030,"macroStack":[],"result":"passed","segment":1},{"action":"org.getopentest.selenium.AssertElementVisible","actorType":"ACTOR1","args":{"locator":{"xpath":"//*[contains(@class,'btn')][contains(text(),'Clone')]"}},"isCheckpoint":false,"description":"Verify that the Clone button exists and is visible","durationMs":11376,"macroStack":[],"result":"failed","screenshot":"SID1644532148_ACTOR1_T01_SG01_ST04_error.png","segment":1,"stackTrace":"java.lang.RuntimeException: org.openqa.selenium.TimeoutException: Expected condition failed: waiting for visibility of element located by By.xpath: //*[contains(@class,'btn')][contains(text(),'Clone')] (tried for 10 second(s) with 500 milliseconds interval)\r\n\tat org.getopentest.base.TestActor.executeActionByClassName(TestActor.java:1626)\r\n\tat org.getopentest.base.TestActor.executeActionByDef(TestActor.java:1705)\r\n\tat org.getopentest.base.TestActor.executeTestSegment(TestActor.java:2073)\r\n\tat org.getopentest.base.TestActor.runOneSession(TestActor.java:2981)\r\n\tat org.getopentest.base.TestActor.runOneSession(TestActor.java:3017)\r\n\tat org.getopentest.Main.main(Main.java:20)\r\nCaused by: org.openqa.selenium.TimeoutException: Expected condition failed: waiting for visibility of element located by By.xpath: //*[contains(@class,'btn')][contains(text(),'Clone')] (tried for 10 second(s) with 500 milliseconds interval)\r\n\tat org.openqa.selenium.support.ui.WebDriverWait.timeoutException(WebDriverWait.java:95)\r\n\tat org.openqa.selenium.support.ui.FluentWait.until(FluentWait.java:272)\r\n\tat org.getopentest.selenium.AssertElementVisible.run(AssertElementVisible.java:20)\r\n\tat org.getopentest.base.TestActor.executeAction(TestActor.java:1527)\r\n\tat org.getopentest.base.TestActor.executeActionByClassName(TestActor.java:1603)\r\n\t... 5 more\r\nCaused by: org.openqa.selenium.NoSuchElementException: no such element: Unable to locate element: {\"method\":\"xpath\",\"selector\":\"//*[contains(@class,'btn')][contains(text(),'Clone')]\"}\n  (Session info: chrome=98.0.4758.82)\nFor documentation on this error, please visit: https://www.seleniumhq.org/exceptions/no_such_element.html\nBuild info: version: '3.141.59', revision: 'e82be7d358', time: '2018-11-14T08:17:03'\nSystem info: host: 'DESKTOP-QEPRTHF', ip: '10.191.36.103', os.name: 'Windows 10', os.arch: 'amd64', os.version: '10.0', java.version: '1.8.0_321'\nDriver info: org.openqa.selenium.chrome.ChromeDriver\nCapabilities {acceptInsecureCerts: false, browserName: chrome, browserVersion: 98.0.4758.82, chrome: {chromedriverVersion: 98.0.4758.80 (7f0488e8ba0d8..., userDataDir: C:\\Users\\xzsid\\AppData\\Loca...}, goog:chromeOptions: {debuggerAddress: localhost:61647}, javascriptEnabled: true, networkConnectionEnabled: false, pageLoadStrategy: normal, platform: WINDOWS, platformName: WINDOWS, proxy: Proxy(), setWindowRect: true, strictFileInteractability: false, timeouts: {implicit: 0, pageLoad: 300000, script: 30000}, unhandledPromptBehavior: dismiss and notify, webauthn:extension:credBlob: true, webauthn:extension:largeBlob: true, webauthn:virtualAuthenticators: true}\nSession ID: 4c88e521d08d8a422ddd048d6abf3e82\n*** Element info: {Using=xpath, value=//*[contains(@class,'btn')][contains(text(),'Clone')]}\r\n\tat sun.reflect.GeneratedConstructorAccessor15.newInstance(Unknown Source)\r\n\tat sun.reflect.DelegatingConstructorAccessorImpl.newInstance(Unknown Source)\r\n\tat java.lang.reflect.Constructor.newInstance(Unknown Source)\r\n\tat org.openqa.selenium.remote.http.W3CHttpResponseCodec.createException(W3CHttpResponseCodec.java:187)\r\n\tat org.openqa.selenium.remote.http.W3CHttpResponseCodec.decode(W3CHttpResponseCodec.java:122)\r\n\tat org.openqa.selenium.remote.http.W3CHttpResponseCodec.decode(W3CHttpResponseCodec.java:49)\r\n\tat org.openqa.selenium.remote.HttpCommandExecutor.execute(HttpCommandExecutor.java:158)\r\n\tat org.openqa.selenium.remote.service.DriverCommandExecutor.execute(DriverCommandExecutor.java:83)\r\n\tat org.openqa.selenium.remote.RemoteWebDriver.execute(RemoteWebDriver.java:552)\r\n\tat org.openqa.selenium.remote.RemoteWebDriver.findElement(RemoteWebDriver.java:323)\r\n\tat org.openqa.selenium.remote.RemoteWebDriver.findElementByXPath(RemoteWebDriver.java:428)\r\n\tat org.openqa.selenium.By$ByXPath.findElement(By.java:353)\r\n\tat org.openqa.selenium.remote.RemoteWebDriver.findElement(RemoteWebDriver.java:315)\r\n\tat org.openqa.selenium.support.ui.ExpectedConditions$7.apply(ExpectedConditions.java:205)\r\n\tat org.openqa.selenium.support.ui.ExpectedConditions$7.apply(ExpectedConditions.java:201)\r\n\tat org.openqa.selenium.support.ui.FluentWait.until(FluentWait.java:249)\r\n\t... 8 more\r\n"}],"currentIteration":1,"currentSegmentIndex":0,"isDataDriven":false,"name":"Find the React repo on GitHub's website","path":"web","result":"failed","status":"completed","segments":[{"index":0,"result":"passed","status":"completed","timeStarted":1644532154117,"timeCompleted":1644532154122},{"index":1,"result":"failed","status":"completed","timeStarted":1644532154131,"timeCompleted":1644532171701}],"tags":[],"timeStarted":1644532154117,"timeCompleted":1644532171701}],"timeCreated":1644532148358,"timeStarted":1644532154117,"timeCompleted":1644532171701,"lastActivity":1644532171701,"_id":"KVA0bhk0GomFs0vg","actorTags":[],"environment":"","currentDataRecordIndex":-1}
{"id":1644534650,"actors":{"50948":{"id":50948,"lastSeenTime":1644534649465,"testSessionId":1644534650,"type":"ACTOR1","tags":[],"_id":"NrG1Ph6zkNpVhpDU","ip":"::ffff:127.0.0.1","tests":[{"currentSegmentIndex":1,"segments":[{"index":0,"status":"completed","timeStarted":1644534654530,"timeCompleted":1644534654533,"result":"passed"},{"index":1,"status":"completed","timeStarted":1644534654542,"timeCompleted":1644534656038,"result":"passed"}],"name":"homePage","path":"web","timeCompleted":null,"timeStarted":1644534654530}]}},"maxIterations":"1","currentIteration":1,"currentTestIndex":1,"currentSegmentIndex":0,"label":"Teste01 10","result":"passed","status":"completed","tests":[{"actions":[{"action":"org.getopentest.selenium.NavigateTo","actorType":"ACTOR1","args":{"url":"https://medicplanos-pedropaulo-softmakersm.vercel.app/"},"isCheckpoint":false,"description":"Navigate para a pagina do site","durationMs":1439,"macroStack":[],"result":"passed","segment":1},{"action":"org.getopentest.selenium.AssertElementPresent","actorType":"ACTOR1","args":{"locator":{"css":"div[class*='styles_headerButtons__3B23e'] p a"}},"isCheckpoint":false,"description":"valida se é a tela orgao regulatorio","durationMs":24,"macroStack":[],"result":"passed","segment":1},{"action":"org.getopentest.selenium.AssertElementPresent","actorType":"ACTOR1","args":{"locator":{"css":"div[class*='styles_headerButtons__3B23e'] p a"}},"isCheckpoint":false,"description":"valida se é a tela orgao regulatorio","durationMs":27,"macroStack":[],"result":"passed","segment":1}],"currentIteration":1,"currentSegmentIndex":0,"isDataDriven":false,"name":"homePage","path":"web","result":"passed","status":"completed","segments":[{"index":0,"result":"passed","status":"completed","timeStarted":1644534654530,"timeCompleted":1644534654533},{"index":1,"result":"passed","status":"completed","timeStarted":1644534654542,"timeCompleted":1644534656038}],"tags":[],"timeStarted":1644534654530,"timeCompleted":1644534656038}],"timeCreated":1644534650499,"timeStarted":1644534654530,"timeCompleted":1644534656038,"lastActivity":1644534656038,"_id":"MLXJbnFmzu9qZIEi","actorTags":[],"environment":"","currentDataRecordIndex":-1}
{"id":1644534052,"actors":{"50948":{"id":50948,"lastSeenTime":1644534048043,"testSessionId":1644534052,"type":"ACTOR1","tags":[],"_id":"NrG1Ph6zkNpVhpDU","ip":"::ffff:127.0.0.1","tests":[{"currentSegmentIndex":1,"segments":[{"index":0,"status":"completed","timeStarted":1644534053151,"timeCompleted":1644534053156,"result":"passed"},{"index":1,"status":"completed","timeStarted":1644534053163,"timeCompleted":1644534066641,"result":"failed","stackTrace":"java.lang.RuntimeException: There was an error while executing action no. 2 (org.getopentest.selenium.AssertElementPresent) in segment 1 of test web/homePage.\nThe action definition was:\n{\n  \"action\": \"org.getopentest.selenium.AssertElementPresent\",\n  \"args\": {\n    \"locator\": {\n      \"css\": \"div[class*='styles_headerButtons__3B23e'] .p .a\"\n    }\n  },\n  \"description\": \"valida se é a tela orgao regulatorio\"\n}\r\n\tat org.getopentest.base.TestActor.executeTestSegment(TestActor.java:2123)\r\n\tat org.getopentest.base.TestActor.runOneSession(TestActor.java:2981)\r\n\tat org.getopentest.base.TestActor.runOneSession(TestActor.java:3017)\r\n\tat org.getopentest.Main.main(Main.java:20)\r\nCaused by: java.lang.RuntimeException: Failed executing action org.getopentest.selenium.AssertElementPresent with arguments {\"locator\":{\"css\":\"div[class*='styles_headerButtons__3B23e'] .p .a\"}}\r\n\tat org.getopentest.base.TestActor.executeActionByDef(TestActor.java:1821)\r\n\tat org.getopentest.base.TestActor.executeTestSegment(TestActor.java:2073)\r\n\t... 3 more\r\nCaused by: java.lang.RuntimeException: org.openqa.selenium.TimeoutException: Expected condition failed: waiting for presence of element located by: By.cssSelector: div[class*='styles_headerButtons__3B23e'] .p .a (tried for 10 second(s) with 500 milliseconds interval)\r\n\tat org.getopentest.base.TestActor.executeActionByClassName(TestActor.java:1626)\r\n\tat org.getopentest.base.TestActor.executeActionByDef(TestActor.java:1705)\r\n\t... 4 more\r\nCaused by: org.openqa.selenium.TimeoutException: Expected condition failed: waiting for presence of element located by: By.cssSelector: div[class*='styles_headerButtons__3B23e'] .p .a (tried for 10 second(s) with 500 milliseconds interval)\r\n\tat org.openqa.selenium.support.ui.WebDriverWait.timeoutException(WebDriverWait.java:95)\r\n\tat org.openqa.selenium.support.ui.FluentWait.until(FluentWait.java:272)\r\n\tat org.getopentest.selenium.AssertElementPresent.run(AssertElementPresent.java:20)\r\n\tat org.getopentest.base.TestActor.executeAction(TestActor.java:1527)\r\n\tat org.getopentest.base.TestActor.executeActionByClassName(TestActor.java:1603)\r\n\t... 5 more\r\nCaused by: org.openqa.selenium.NoSuchElementException: no such element: Unable to locate element: {\"method\":\"css selector\",\"selector\":\"div[class*='styles_headerButtons__3B23e'] .p .a\"}\n  (Session info: chrome=98.0.4758.82)\nFor documentation on this error, please visit: https://www.seleniumhq.org/exceptions/no_such_element.html\nBuild info: version: '3.141.59', revision: 'e82be7d358', time: '2018-11-14T08:17:03'\nSystem info: host: 'DESKTOP-QEPRTHF', ip: '10.191.36.103', os.name: 'Windows 10', os.arch: 'amd64', os.version: '10.0', java.version: '1.8.0_321'\nDriver info: org.openqa.selenium.chrome.ChromeDriver\nCapabilities {acceptInsecureCerts: false, browserName: chrome, browserVersion: 98.0.4758.82, chrome: {chromedriverVersion: 98.0.4758.80 (7f0488e8ba0d8..., userDataDir: C:\\Users\\xzsid\\AppData\\Loca...}, goog:chromeOptions: {debuggerAddress: localhost:62982}, javascriptEnabled: true, networkConnectionEnabled: false, pageLoadStrategy: normal, platform: WINDOWS, platformName: WINDOWS, proxy: Proxy(), setWindowRect: true, strictFileInteractability: false, timeouts: {implicit: 0, pageLoad: 300000, script: 30000}, unhandledPromptBehavior: dismiss and notify, webauthn:extension:credBlob: true, webauthn:extension:largeBlob: true, webauthn:virtualAuthenticators: true}\nSession ID: eaea0bc92f8212c8da18325d791adeba\n*** Element info: {Using=css selector, value=div[class*='styles_headerButtons__3B23e'] .p .a}\r\n\tat sun.reflect.GeneratedConstructorAccessor15.newInstance(Unknown Source)\r\n\tat sun.reflect.DelegatingConstructorAccessorImpl.newInstance(Unknown Source)\r\n\tat java.lang.reflect.Constructor.newInstance(Unknown Source)\r\n\tat org.openqa.selenium.remote.http.W3CHttpResponseCodec.createException(W3CHttpResponseCodec.java:187)\r\n\tat org.openqa.selenium.remote.http.W3CHttpResponseCodec.decode(W3CHttpResponseCodec.java:122)\r\n\tat org.openqa.selenium.remote.http.W3CHttpResponseCodec.decode(W3CHttpResponseCodec.java:49)\r\n\tat org.openqa.selenium.remote.HttpCommandExecutor.execute(HttpCommandExecutor.java:158)\r\n\tat org.openqa.selenium.remote.service.DriverCommandExecutor.execute(DriverCommandExecutor.java:83)\r\n\tat org.openqa.selenium.remote.RemoteWebDriver.execute(RemoteWebDriver.java:552)\r\n\tat org.openqa.selenium.remote.RemoteWebDriver.findElement(RemoteWebDriver.java:323)\r\n\tat org.openqa.selenium.remote.RemoteWebDriver.findElementByCssSelector(RemoteWebDriver.java:420)\r\n\tat org.openqa.selenium.By$ByCssSelector.findElement(By.java:431)\r\n\tat org.openqa.selenium.remote.RemoteWebDriver.findElement(RemoteWebDriver.java:315)\r\n\tat org.openqa.selenium.support.ui.ExpectedConditions$6.apply(ExpectedConditions.java:182)\r\n\tat org.openqa.selenium.support.ui.ExpectedConditions$6.apply(ExpectedConditions.java:179)\r\n\tat org.openqa.selenium.support.ui.FluentWait.until(FluentWait.java:249)\r\n\t... 8 more\r\n"}],"name":"homePage","path":"web","timeCompleted":null,"timeStarted":1644534053151}]}},"maxIterations":"1","currentIteration":1,"currentTestIndex":1,"currentSegmentIndex":0,"label":"Teste01 7","result":"failed","status":"completed","tests":[{"actions":[{"action":"org.getopentest.selenium.NavigateTo","actorType":"ACTOR1","args":{"url":"https://medicplanos-pedropaulo-softmakersm.vercel.app/"},"isCheckpoint":false,"description":"Navigate para a pagina do site","durationMs":1517,"macroStack":[],"result":"passed","segment":1},{"action":"org.getopentest.selenium.AssertElementPresent","actorType":"ACTOR1","args":{"locator":{"css":"div[class*='styles_headerButtons__3B23e'] .p .a"}},"isCheckpoint":false,"description":"valida se é a tela orgao regulatorio","durationMs":11955,"macroStack":[],"result":"failed","screenshot":"SID1644534052_ACTOR1_T01_SG01_ST02_error.png","segment":1,"stackTrace":"java.lang.RuntimeException: org.openqa.selenium.TimeoutException: Expected condition failed: waiting for presence of element located by: By.cssSelector: div[class*='styles_headerButtons__3B23e'] .p .a (tried for 10 second(s) with 500 milliseconds interval)\r\n\tat org.getopentest.base.TestActor.executeActionByClassName(TestActor.java:1626)\r\n\tat org.getopentest.base.TestActor.executeActionByDef(TestActor.java:1705)\r\n\tat org.getopentest.base.TestActor.executeTestSegment(TestActor.java:2073)\r\n\tat org.getopentest.base.TestActor.runOneSession(TestActor.java:2981)\r\n\tat org.getopentest.base.TestActor.runOneSession(TestActor.java:3017)\r\n\tat org.getopentest.Main.main(Main.java:20)\r\nCaused by: org.openqa.selenium.TimeoutException: Expected condition failed: waiting for presence of element located by: By.cssSelector: div[class*='styles_headerButtons__3B23e'] .p .a (tried for 10 second(s) with 500 milliseconds interval)\r\n\tat org.openqa.selenium.support.ui.WebDriverWait.timeoutException(WebDriverWait.java:95)\r\n\tat org.openqa.selenium.support.ui.FluentWait.until(FluentWait.java:272)\r\n\tat org.getopentest.selenium.AssertElementPresent.run(AssertElementPresent.java:20)\r\n\tat org.getopentest.base.TestActor.executeAction(TestActor.java:1527)\r\n\tat org.getopentest.base.TestActor.executeActionByClassName(TestActor.java:1603)\r\n\t... 5 more\r\nCaused by: org.openqa.selenium.NoSuchElementException: no such element: Unable to locate element: {\"method\":\"css selector\",\"selector\":\"div[class*='styles_headerButtons__3B23e'] .p .a\"}\n  (Session info: chrome=98.0.4758.82)\nFor documentation on this error, please visit: https://www.seleniumhq.org/exceptions/no_such_element.html\nBuild info: version: '3.141.59', revision: 'e82be7d358', time: '2018-11-14T08:17:03'\nSystem info: host: 'DESKTOP-QEPRTHF', ip: '10.191.36.103', os.name: 'Windows 10', os.arch: 'amd64', os.version: '10.0', java.version: '1.8.0_321'\nDriver info: org.openqa.selenium.chrome.ChromeDriver\nCapabilities {acceptInsecureCerts: false, browserName: chrome, browserVersion: 98.0.4758.82, chrome: {chromedriverVersion: 98.0.4758.80 (7f0488e8ba0d8..., userDataDir: C:\\Users\\xzsid\\AppData\\Loca...}, goog:chromeOptions: {debuggerAddress: localhost:62982}, javascriptEnabled: true, networkConnectionEnabled: false, pageLoadStrategy: normal, platform: WINDOWS, platformName: WINDOWS, proxy: Proxy(), setWindowRect: true, strictFileInteractability: false, timeouts: {implicit: 0, pageLoad: 300000, script: 30000}, unhandledPromptBehavior: dismiss and notify, webauthn:extension:credBlob: true, webauthn:extension:largeBlob: true, webauthn:virtualAuthenticators: true}\nSession ID: eaea0bc92f8212c8da18325d791adeba\n*** Element info: {Using=css selector, value=div[class*='styles_headerButtons__3B23e'] .p .a}\r\n\tat sun.reflect.GeneratedConstructorAccessor15.newInstance(Unknown Source)\r\n\tat sun.reflect.DelegatingConstructorAccessorImpl.newInstance(Unknown Source)\r\n\tat java.lang.reflect.Constructor.newInstance(Unknown Source)\r\n\tat org.openqa.selenium.remote.http.W3CHttpResponseCodec.createException(W3CHttpResponseCodec.java:187)\r\n\tat org.openqa.selenium.remote.http.W3CHttpResponseCodec.decode(W3CHttpResponseCodec.java:122)\r\n\tat org.openqa.selenium.remote.http.W3CHttpResponseCodec.decode(W3CHttpResponseCodec.java:49)\r\n\tat org.openqa.selenium.remote.HttpCommandExecutor.execute(HttpCommandExecutor.java:158)\r\n\tat org.openqa.selenium.remote.service.DriverCommandExecutor.execute(DriverCommandExecutor.java:83)\r\n\tat org.openqa.selenium.remote.RemoteWebDriver.execute(RemoteWebDriver.java:552)\r\n\tat org.openqa.selenium.remote.RemoteWebDriver.findElement(RemoteWebDriver.java:323)\r\n\tat org.openqa.selenium.remote.RemoteWebDriver.findElementByCssSelector(RemoteWebDriver.java:420)\r\n\tat org.openqa.selenium.By$ByCssSelector.findElement(By.java:431)\r\n\tat org.openqa.selenium.remote.RemoteWebDriver.findElement(RemoteWebDriver.java:315)\r\n\tat org.openqa.selenium.support.ui.ExpectedConditions$6.apply(ExpectedConditions.java:182)\r\n\tat org.openqa.selenium.support.ui.ExpectedConditions$6.apply(ExpectedConditions.java:179)\r\n\tat org.openqa.selenium.support.ui.FluentWait.until(FluentWait.java:249)\r\n\t... 8 more\r\n"}],"currentIteration":1,"currentSegmentIndex":0,"isDataDriven":false,"name":"homePage","path":"web","result":"failed","status":"completed","segments":[{"index":0,"result":"passed","status":"completed","timeStarted":1644534053151,"timeCompleted":1644534053156},{"index":1,"result":"failed","status":"completed","timeStarted":1644534053163,"timeCompleted":1644534066641}],"tags":[],"timeStarted":1644534053151,"timeCompleted":1644534066641}],"timeCreated":1644534052332,"timeStarted":1644534053151,"timeCompleted":1644534066641,"lastActivity":1644534066641,"_id":"PuiJkSnKsrTY1g2T","actorTags":[],"environment":"","currentDataRecordIndex":-1}
{"id":1644533601,"actors":{"50948":{"id":50948,"lastSeenTime":1644533596907,"testSessionId":1644533601,"type":"ACTOR1","tags":[],"_id":"NrG1Ph6zkNpVhpDU","ip":"::ffff:127.0.0.1","tests":[{"currentSegmentIndex":1,"segments":[{"index":0,"status":"completed","timeStarted":1644533602886,"timeCompleted":1644533602889,"result":"passed"},{"index":1,"status":"completed","timeStarted":1644533602897,"timeCompleted":1644533616239,"result":"failed","stackTrace":"java.lang.RuntimeException: There was an error while executing action no. 2 (org.getopentest.selenium.AssertElementPresent) in segment 1 of test web/homePage.\nThe action definition was:\n{\n  \"action\": \"org.getopentest.selenium.AssertElementPresent\",\n  \"args\": {\n    \"locator\": {\n      \"css\": \"div[className*='styles_headerButtons__3B23e']\"\n    }\n  },\n  \"description\": \"valida se é a tela orgao regulatorio\"\n}\r\n\tat org.getopentest.base.TestActor.executeTestSegment(TestActor.java:2123)\r\n\tat org.getopentest.base.TestActor.runOneSession(TestActor.java:2981)\r\n\tat org.getopentest.base.TestActor.runOneSession(TestActor.java:3017)\r\n\tat org.getopentest.Main.main(Main.java:20)\r\nCaused by: java.lang.RuntimeException: Failed executing action org.getopentest.selenium.AssertElementPresent with arguments {\"locator\":{\"css\":\"div[className*='styles_headerButtons__3B23e']\"}}\r\n\tat org.getopentest.base.TestActor.executeActionByDef(TestActor.java:1821)\r\n\tat org.getopentest.base.TestActor.executeTestSegment(TestActor.java:2073)\r\n\t... 3 more\r\nCaused by: java.lang.RuntimeException: org.openqa.selenium.TimeoutException: Expected condition failed: waiting for presence of element located by: By.cssSelector: div[className*='styles_headerButtons__3B23e'] (tried for 10 second(s) with 500 milliseconds interval)\r\n\tat org.getopentest.base.TestActor.executeActionByClassName(TestActor.java:1626)\r\n\tat org.getopentest.base.TestActor.executeActionByDef(TestActor.java:1705)\r\n\t... 4 more\r\nCaused by: org.openqa.selenium.TimeoutException: Expected condition failed: waiting for presence of element located by: By.cssSelector: div[className*='styles_headerButtons__3B23e'] (tried for 10 second(s) with 500 milliseconds interval)\r\n\tat org.openqa.selenium.support.ui.WebDriverWait.timeoutException(WebDriverWait.java:95)\r\n\tat org.openqa.selenium.support.ui.FluentWait.until(FluentWait.java:272)\r\n\tat org.getopentest.selenium.AssertElementPresent.run(AssertElementPresent.java:20)\r\n\tat org.getopentest.base.TestActor.executeAction(TestActor.java:1527)\r\n\tat org.getopentest.base.TestActor.executeActionByClassName(TestActor.java:1603)\r\n\t... 5 more\r\nCaused by: org.openqa.selenium.NoSuchElementException: no such element: Unable to locate element: {\"method\":\"css selector\",\"selector\":\"div[className*='styles_headerButtons__3B23e']\"}\n  (Session info: chrome=98.0.4758.82)\nFor documentation on this error, please visit: https://www.seleniumhq.org/exceptions/no_such_element.html\nBuild info: version: '3.141.59', revision: 'e82be7d358', time: '2018-11-14T08:17:03'\nSystem info: host: 'DESKTOP-QEPRTHF', ip: '10.191.36.103', os.name: 'Windows 10', os.arch: 'amd64', os.version: '10.0', java.version: '1.8.0_321'\nDriver info: org.openqa.selenium.chrome.ChromeDriver\nCapabilities {acceptInsecureCerts: false, browserName: chrome, browserVersion: 98.0.4758.82, chrome: {chromedriverVersion: 98.0.4758.80 (7f0488e8ba0d8..., userDataDir: C:\\Users\\xzsid\\AppData\\Loca...}, goog:chromeOptions: {debuggerAddress: localhost:63648}, javascriptEnabled: true, networkConnectionEnabled: false, pageLoadStrategy: normal, platform: WINDOWS, platformName: WINDOWS, proxy: Proxy(), setWindowRect: true, strictFileInteractability: false, timeouts: {implicit: 0, pageLoad: 300000, script: 30000}, unhandledPromptBehavior: dismiss and notify, webauthn:extension:credBlob: true, webauthn:extension:largeBlob: true, webauthn:virtualAuthenticators: true}\nSession ID: 1ce9e4f82e82c62e7f60d1ac1b87aa0d\n*** Element info: {Using=css selector, value=div[className*='styles_headerButtons__3B23e']}\r\n\tat sun.reflect.GeneratedConstructorAccessor15.newInstance(Unknown Source)\r\n\tat sun.reflect.DelegatingConstructorAccessorImpl.newInstance(Unknown Source)\r\n\tat java.lang.reflect.Constructor.newInstance(Unknown Source)\r\n\tat org.openqa.selenium.remote.http.W3CHttpResponseCodec.createException(W3CHttpResponseCodec.java:187)\r\n\tat org.openqa.selenium.remote.http.W3CHttpResponseCodec.decode(W3CHttpResponseCodec.java:122)\r\n\tat org.openqa.selenium.remote.http.W3CHttpResponseCodec.decode(W3CHttpResponseCodec.java:49)\r\n\tat org.openqa.selenium.remote.HttpCommandExecutor.execute(HttpCommandExecutor.java:158)\r\n\tat org.openqa.selenium.remote.service.DriverCommandExecutor.execute(DriverCommandExecutor.java:83)\r\n\tat org.openqa.selenium.remote.RemoteWebDriver.execute(RemoteWebDriver.java:552)\r\n\tat org.openqa.selenium.remote.RemoteWebDriver.findElement(RemoteWebDriver.java:323)\r\n\tat org.openqa.selenium.remote.RemoteWebDriver.findElementByCssSelector(RemoteWebDriver.java:420)\r\n\tat org.openqa.selenium.By$ByCssSelector.findElement(By.java:431)\r\n\tat org.openqa.selenium.remote.RemoteWebDriver.findElement(RemoteWebDriver.java:315)\r\n\tat org.openqa.selenium.support.ui.ExpectedConditions$6.apply(ExpectedConditions.java:182)\r\n\tat org.openqa.selenium.support.ui.ExpectedConditions$6.apply(ExpectedConditions.java:179)\r\n\tat org.openqa.selenium.support.ui.FluentWait.until(FluentWait.java:249)\r\n\t... 8 more\r\n"}],"name":"homePage","path":"web","timeCompleted":null,"timeStarted":1644533602886}]}},"maxIterations":"1","currentIteration":1,"currentTestIndex":1,"currentSegmentIndex":0,"label":"Teste01 4","result":"failed","status":"completed","tests":[{"actions":[{"action":"org.getopentest.selenium.NavigateTo","actorType":"ACTOR1","args":{"url":"https://medicplanos-pedropaulo-softmakersm.vercel.app/"},"isCheckpoint":false,"description":"Navigate para a pagina do site","durationMs":1439,"macroStack":[],"result":"passed","segment":1},{"action":"org.getopentest.selenium.AssertElementPresent","actorType":"ACTOR1","args":{"locator":{"css":"div[className*='styles_headerButtons__3B23e']"}},"isCheckpoint":false,"description":"valida se é a tela orgao regulatorio","durationMs":11896,"macroStack":[],"result":"failed","screenshot":"SID1644533601_ACTOR1_T01_SG01_ST02_error.png","segment":1,"stackTrace":"java.lang.RuntimeException: org.openqa.selenium.TimeoutException: Expected condition failed: waiting for presence of element located by: By.cssSelector: div[className*='styles_headerButtons__3B23e'] (tried for 10 second(s) with 500 milliseconds interval)\r\n\tat org.getopentest.base.TestActor.executeActionByClassName(TestActor.java:1626)\r\n\tat org.getopentest.base.TestActor.executeActionByDef(TestActor.java:1705)\r\n\tat org.getopentest.base.TestActor.executeTestSegment(TestActor.java:2073)\r\n\tat org.getopentest.base.TestActor.runOneSession(TestActor.java:2981)\r\n\tat org.getopentest.base.TestActor.runOneSession(TestActor.java:3017)\r\n\tat org.getopentest.Main.main(Main.java:20)\r\nCaused by: org.openqa.selenium.TimeoutException: Expected condition failed: waiting for presence of element located by: By.cssSelector: div[className*='styles_headerButtons__3B23e'] (tried for 10 second(s) with 500 milliseconds interval)\r\n\tat org.openqa.selenium.support.ui.WebDriverWait.timeoutException(WebDriverWait.java:95)\r\n\tat org.openqa.selenium.support.ui.FluentWait.until(FluentWait.java:272)\r\n\tat org.getopentest.selenium.AssertElementPresent.run(AssertElementPresent.java:20)\r\n\tat org.getopentest.base.TestActor.executeAction(TestActor.java:1527)\r\n\tat org.getopentest.base.TestActor.executeActionByClassName(TestActor.java:1603)\r\n\t... 5 more\r\nCaused by: org.openqa.selenium.NoSuchElementException: no such element: Unable to locate element: {\"method\":\"css selector\",\"selector\":\"div[className*='styles_headerButtons__3B23e']\"}\n  (Session info: chrome=98.0.4758.82)\nFor documentation on this error, please visit: https://www.seleniumhq.org/exceptions/no_such_element.html\nBuild info: version: '3.141.59', revision: 'e82be7d358', time: '2018-11-14T08:17:03'\nSystem info: host: 'DESKTOP-QEPRTHF', ip: '10.191.36.103', os.name: 'Windows 10', os.arch: 'amd64', os.version: '10.0', java.version: '1.8.0_321'\nDriver info: org.openqa.selenium.chrome.ChromeDriver\nCapabilities {acceptInsecureCerts: false, browserName: chrome, browserVersion: 98.0.4758.82, chrome: {chromedriverVersion: 98.0.4758.80 (7f0488e8ba0d8..., userDataDir: C:\\Users\\xzsid\\AppData\\Loca...}, goog:chromeOptions: {debuggerAddress: localhost:63648}, javascriptEnabled: true, networkConnectionEnabled: false, pageLoadStrategy: normal, platform: WINDOWS, platformName: WINDOWS, proxy: Proxy(), setWindowRect: true, strictFileInteractability: false, timeouts: {implicit: 0, pageLoad: 300000, script: 30000}, unhandledPromptBehavior: dismiss and notify, webauthn:extension:credBlob: true, webauthn:extension:largeBlob: true, webauthn:virtualAuthenticators: true}\nSession ID: 1ce9e4f82e82c62e7f60d1ac1b87aa0d\n*** Element info: {Using=css selector, value=div[className*='styles_headerButtons__3B23e']}\r\n\tat sun.reflect.GeneratedConstructorAccessor15.newInstance(Unknown Source)\r\n\tat sun.reflect.DelegatingConstructorAccessorImpl.newInstance(Unknown Source)\r\n\tat java.lang.reflect.Constructor.newInstance(Unknown Source)\r\n\tat org.openqa.selenium.remote.http.W3CHttpResponseCodec.createException(W3CHttpResponseCodec.java:187)\r\n\tat org.openqa.selenium.remote.http.W3CHttpResponseCodec.decode(W3CHttpResponseCodec.java:122)\r\n\tat org.openqa.selenium.remote.http.W3CHttpResponseCodec.decode(W3CHttpResponseCodec.java:49)\r\n\tat org.openqa.selenium.remote.HttpCommandExecutor.execute(HttpCommandExecutor.java:158)\r\n\tat org.openqa.selenium.remote.service.DriverCommandExecutor.execute(DriverCommandExecutor.java:83)\r\n\tat org.openqa.selenium.remote.RemoteWebDriver.execute(RemoteWebDriver.java:552)\r\n\tat org.openqa.selenium.remote.RemoteWebDriver.findElement(RemoteWebDriver.java:323)\r\n\tat org.openqa.selenium.remote.RemoteWebDriver.findElementByCssSelector(RemoteWebDriver.java:420)\r\n\tat org.openqa.selenium.By$ByCssSelector.findElement(By.java:431)\r\n\tat org.openqa.selenium.remote.RemoteWebDriver.findElement(RemoteWebDriver.java:315)\r\n\tat org.openqa.selenium.support.ui.ExpectedConditions$6.apply(ExpectedConditions.java:182)\r\n\tat org.openqa.selenium.support.ui.ExpectedConditions$6.apply(ExpectedConditions.java:179)\r\n\tat org.openqa.selenium.support.ui.FluentWait.until(FluentWait.java:249)\r\n\t... 8 more\r\n"}],"currentIteration":1,"currentSegmentIndex":0,"isDataDriven":false,"name":"homePage","path":"web","result":"failed","status":"completed","segments":[{"index":0,"result":"passed","status":"completed","timeStarted":1644533602886,"timeCompleted":1644533602889},{"index":1,"result":"failed","status":"completed","timeStarted":1644533602897,"timeCompleted":1644533616239}],"tags":[],"timeStarted":1644533602886,"timeCompleted":1644533616239}],"timeCreated":1644533601138,"timeStarted":1644533602886,"timeCompleted":1644533616239,"lastActivity":1644533616239,"_id":"SmbDoSypwI0qzOqh","actorTags":[],"environment":"","currentDataRecordIndex":-1}
{"id":1644534771,"actors":{"50948":{"id":50948,"lastSeenTime":1644534769720,"testSessionId":1644534771,"type":"ACTOR1","tags":[],"_id":"NrG1Ph6zkNpVhpDU","ip":"::ffff:127.0.0.1","tests":[{"currentSegmentIndex":1,"segments":[{"index":0,"status":"completed","timeStarted":1644534775051,"timeCompleted":1644534775055,"result":"passed"},{"index":1,"status":"completed","timeStarted":1644534775069,"timeCompleted":1644534788747,"result":"failed","stackTrace":"java.lang.RuntimeException: There was an error while executing action no. 3 (org.getopentest.selenium.AssertElementText) in segment 1 of test web/homePage.\nThe action definition was:\n{\n  \"action\": \"org.getopentest.selenium.AssertElementText\",\n  \"args\": {\n    \"locator\": {\n      \"css\": \"div[class*='styles_headerButtons__3B23e'] p a\"\n    },\n    \"textContains\": \"Entrara\"\n  },\n  \"description\": \"valida se é a tela orgao regulatorio\"\n}\r\n\tat org.getopentest.base.TestActor.executeTestSegment(TestActor.java:2123)\r\n\tat org.getopentest.base.TestActor.runOneSession(TestActor.java:2981)\r\n\tat org.getopentest.base.TestActor.runOneSession(TestActor.java:3017)\r\n\tat org.getopentest.Main.main(Main.java:20)\r\nCaused by: java.lang.RuntimeException: Failed executing action org.getopentest.selenium.AssertElementText with arguments {\"textContains\":\"Entrara\",\"locator\":{\"css\":\"div[class*='styles_headerButtons__3B23e'] p a\"}}\r\n\tat org.getopentest.base.TestActor.executeActionByDef(TestActor.java:1821)\r\n\tat org.getopentest.base.TestActor.executeTestSegment(TestActor.java:2073)\r\n\t... 3 more\r\nCaused by: java.lang.RuntimeException: org.openqa.selenium.TimeoutException: Expected condition failed: waiting for element text to contain: Entrara (tried for 10 second(s) with 500 milliseconds interval)\nBuild info: version: '3.141.59', revision: 'e82be7d358', time: '2018-11-14T08:17:03'\nSystem info: host: 'DESKTOP-QEPRTHF', ip: '10.191.36.103', os.name: 'Windows 10', os.arch: 'amd64', os.version: '10.0', java.version: '1.8.0_321'\nDriver info: org.openqa.selenium.chrome.ChromeDriver\nCapabilities {acceptInsecureCerts: false, browserName: chrome, browserVersion: 98.0.4758.82, chrome: {chromedriverVersion: 98.0.4758.80 (7f0488e8ba0d8..., userDataDir: C:\\Users\\xzsid\\AppData\\Loca...}, goog:chromeOptions: {debuggerAddress: localhost:63844}, javascriptEnabled: true, networkConnectionEnabled: false, pageLoadStrategy: normal, platform: WINDOWS, platformName: WINDOWS, proxy: Proxy(), setWindowRect: true, strictFileInteractability: false, timeouts: {implicit: 0, pageLoad: 300000, script: 30000}, unhandledPromptBehavior: dismiss and notify, webauthn:extension:credBlob: true, webauthn:extension:largeBlob: true, webauthn:virtualAuthenticators: true}\nSession ID: ce70510bd9a6be59a83157abe3303453\r\n\tat org.getopentest.base.TestActor.executeActionByClassName(TestActor.java:1626)\r\n\tat org.getopentest.base.TestActor.executeActionByDef(TestActor.java:1705)\r\n\t... 4 more\r\nCaused by: org.openqa.selenium.TimeoutException: Expected condition failed: waiting for element text to contain: Entrara (tried for 10 second(s) with 500 milliseconds interval)\nBuild info: version: '3.141.59', revision: 'e82be7d358', time: '2018-11-14T08:17:03'\nSystem info: host: 'DESKTOP-QEPRTHF', ip: '10.191.36.103', os.name: 'Windows 10', os.arch: 'amd64', os.version: '10.0', java.version: '1.8.0_321'\nDriver info: org.openqa.selenium.chrome.ChromeDriver\nCapabilities {acceptInsecureCerts: false, browserName: chrome, browserVersion: 98.0.4758.82, chrome: {chromedriverVersion: 98.0.4758.80 (7f0488e8ba0d8..., userDataDir: C:\\Users\\xzsid\\AppData\\Loca...}, goog:chromeOptions: {debuggerAddress: localhost:63844}, javascriptEnabled: true, networkConnectionEnabled: false, pageLoadStrategy: normal, platform: WINDOWS, platformName: WINDOWS, proxy: Proxy(), setWindowRect: true, strictFileInteractability: false, timeouts: {implicit: 0, pageLoad: 300000, script: 30000}, unhandledPromptBehavior: dismiss and notify, webauthn:extension:credBlob: true, webauthn:extension:largeBlob: true, webauthn:virtualAuthenticators: true}\nSession ID: ce70510bd9a6be59a83157abe3303453\r\n\tat org.openqa.selenium.support.ui.WebDriverWait.timeoutException(WebDriverWait.java:95)\r\n\tat org.openqa.selenium.support.ui.FluentWait.until(FluentWait.java:272)\r\n\tat org.getopentest.selenium.AssertElementText.run(AssertElementText.java:32)\r\n\tat org.getopentest.base.TestActor.executeAction(TestActor.java:1527)\r\n\tat org.getopentest.base.TestActor.executeActionByClassName(TestActor.java:1603)\r\n\t... 5 more\r\n"}],"name":"homePage","path":"web","timeCompleted":null,"timeStarted":1644534775051}]}},"maxIterations":"1","currentIteration":1,"currentTestIndex":1,"currentSegmentIndex":0,"label":"Teste01 12","result":"failed","status":"completed","tests":[{"actions":[{"action":"org.getopentest.selenium.NavigateTo","actorType":"ACTOR1","args":{"url":"https://medicplanos-pedropaulo-softmakersm.vercel.app/"},"isCheckpoint":false,"description":"Navigate para a pagina do site","durationMs":1509,"macroStack":[],"result":"passed","segment":1},{"action":"org.getopentest.selenium.AssertElementPresent","actorType":"ACTOR1","args":{"locator":{"css":"div[class*='styles_headerButtons__3B23e'] p a"}},"isCheckpoint":false,"description":"valida se é a tela orgao regulatorio","durationMs":30,"macroStack":[],"result":"passed","segment":1},{"action":"org.getopentest.selenium.AssertElementText","actorType":"ACTOR1","args":{"textContains":"Entrara","locator":{"css":"div[class*='styles_headerButtons__3B23e'] p a"}},"isCheckpoint":false,"description":"valida se é a tela orgao regulatorio","durationMs":12131,"macroStack":[],"result":"failed","screenshot":"SID1644534771_ACTOR1_T01_SG01_ST03_error.png","segment":1,"stackTrace":"java.lang.RuntimeException: org.openqa.selenium.TimeoutException: Expected condition failed: waiting for element text to contain: Entrara (tried for 10 second(s) with 500 milliseconds interval)\nBuild info: version: '3.141.59', revision: 'e82be7d358', time: '2018-11-14T08:17:03'\nSystem info: host: 'DESKTOP-QEPRTHF', ip: '10.191.36.103', os.name: 'Windows 10', os.arch: 'amd64', os.version: '10.0', java.version: '1.8.0_321'\nDriver info: org.openqa.selenium.chrome.ChromeDriver\nCapabilities {acceptInsecureCerts: false, browserName: chrome, browserVersion: 98.0.4758.82, chrome: {chromedriverVersion: 98.0.4758.80 (7f0488e8ba0d8..., userDataDir: C:\\Users\\xzsid\\AppData\\Loca...}, goog:chromeOptions: {debuggerAddress: localhost:63844}, javascriptEnabled: true, networkConnectionEnabled: false, pageLoadStrategy: normal, platform: WINDOWS, platformName: WINDOWS, proxy: Proxy(), setWindowRect: true, strictFileInteractability: false, timeouts: {implicit: 0, pageLoad: 300000, script: 30000}, unhandledPromptBehavior: dismiss and notify, webauthn:extension:credBlob: true, webauthn:extension:largeBlob: true, webauthn:virtualAuthenticators: true}\nSession ID: ce70510bd9a6be59a83157abe3303453\r\n\tat org.getopentest.base.TestActor.executeActionByClassName(TestActor.java:1626)\r\n\tat org.getopentest.base.TestActor.executeActionByDef(TestActor.java:1705)\r\n\tat org.getopentest.base.TestActor.executeTestSegment(TestActor.java:2073)\r\n\tat org.getopentest.base.TestActor.runOneSession(TestActor.java:2981)\r\n\tat org.getopentest.base.TestActor.runOneSession(TestActor.java:3017)\r\n\tat org.getopentest.Main.main(Main.java:20)\r\nCaused by: org.openqa.selenium.TimeoutException: Expected condition failed: waiting for element text to contain: Entrara (tried for 10 second(s) with 500 milliseconds interval)\nBuild info: version: '3.141.59', revision: 'e82be7d358', time: '2018-11-14T08:17:03'\nSystem info: host: 'DESKTOP-QEPRTHF', ip: '10.191.36.103', os.name: 'Windows 10', os.arch: 'amd64', os.version: '10.0', java.version: '1.8.0_321'\nDriver info: org.openqa.selenium.chrome.ChromeDriver\nCapabilities {acceptInsecureCerts: false, browserName: chrome, browserVersion: 98.0.4758.82, chrome: {chromedriverVersion: 98.0.4758.80 (7f0488e8ba0d8..., userDataDir: C:\\Users\\xzsid\\AppData\\Loca...}, goog:chromeOptions: {debuggerAddress: localhost:63844}, javascriptEnabled: true, networkConnectionEnabled: false, pageLoadStrategy: normal, platform: WINDOWS, platformName: WINDOWS, proxy: Proxy(), setWindowRect: true, strictFileInteractability: false, timeouts: {implicit: 0, pageLoad: 300000, script: 30000}, unhandledPromptBehavior: dismiss and notify, webauthn:extension:credBlob: true, webauthn:extension:largeBlob: true, webauthn:virtualAuthenticators: true}\nSession ID: ce70510bd9a6be59a83157abe3303453\r\n\tat org.openqa.selenium.support.ui.WebDriverWait.timeoutException(WebDriverWait.java:95)\r\n\tat org.openqa.selenium.support.ui.FluentWait.until(FluentWait.java:272)\r\n\tat org.getopentest.selenium.AssertElementText.run(AssertElementText.java:32)\r\n\tat org.getopentest.base.TestActor.executeAction(TestActor.java:1527)\r\n\tat org.getopentest.base.TestActor.executeActionByClassName(TestActor.java:1603)\r\n\t... 5 more\r\n"}],"currentIteration":1,"currentSegmentIndex":0,"isDataDriven":false,"name":"homePage","path":"web","result":"failed","status":"completed","segments":[{"index":0,"result":"passed","status":"completed","timeStarted":1644534775051,"timeCompleted":1644534775055},{"index":1,"result":"failed","status":"completed","timeStarted":1644534775069,"timeCompleted":1644534788747}],"tags":[],"timeStarted":1644534775051,"timeCompleted":1644534788747}],"timeCreated":1644534771059,"timeStarted":1644534775051,"timeCompleted":1644534788747,"lastActivity":1644534788747,"_id":"YuTqhIAy2dWjMmb3","actorTags":[],"environment":"","currentDataRecordIndex":-1}
{"id":1644533466,"actors":{"50948":{"id":50948,"lastSeenTime":1644533461558,"testSessionId":1644533466,"type":"ACTOR1","tags":[],"_id":"NrG1Ph6zkNpVhpDU","ip":"::ffff:127.0.0.1","tests":[{"currentSegmentIndex":1,"segments":[{"index":0,"status":"completed","timeStarted":1644533466686,"timeCompleted":1644533466690,"result":"passed"},{"index":1,"status":"completed","timeStarted":1644533466700,"timeCompleted":1644533480409,"result":"failed","stackTrace":"java.lang.RuntimeException: There was an error while executing action no. 2 (org.getopentest.selenium.AssertElementPresent) in segment 1 of test web/homePage.\nThe action definition was:\n{\n  \"action\": \"org.getopentest.selenium.AssertElementPresent\",\n  \"args\": {\n    \"locator\": {\n      \"css\": \"div[className*='orgaoReguladorPesquisa.jsf']\"\n    }\n  },\n  \"description\": \"valida se é a tela orgao regulatorio\"\n}\r\n\tat org.getopentest.base.TestActor.executeTestSegment(TestActor.java:2123)\r\n\tat org.getopentest.base.TestActor.runOneSession(TestActor.java:2981)\r\n\tat org.getopentest.base.TestActor.runOneSession(TestActor.java:3017)\r\n\tat org.getopentest.Main.main(Main.java:20)\r\nCaused by: java.lang.RuntimeException: Failed executing action org.getopentest.selenium.AssertElementPresent with arguments {\"locator\":{\"css\":\"div[className*='orgaoReguladorPesquisa.jsf']\"}}\r\n\tat org.getopentest.base.TestActor.executeActionByDef(TestActor.java:1821)\r\n\tat org.getopentest.base.TestActor.executeTestSegment(TestActor.java:2073)\r\n\t... 3 more\r\nCaused by: java.lang.RuntimeException: org.openqa.selenium.TimeoutException: Expected condition failed: waiting for presence of element located by: By.cssSelector: div[className*='orgaoReguladorPesquisa.jsf'] (tried for 10 second(s) with 500 milliseconds interval)\r\n\tat org.getopentest.base.TestActor.executeActionByClassName(TestActor.java:1626)\r\n\tat org.getopentest.base.TestActor.executeActionByDef(TestActor.java:1705)\r\n\t... 4 more\r\nCaused by: org.openqa.selenium.TimeoutException: Expected condition failed: waiting for presence of element located by: By.cssSelector: div[className*='orgaoReguladorPesquisa.jsf'] (tried for 10 second(s) with 500 milliseconds interval)\r\n\tat org.openqa.selenium.support.ui.WebDriverWait.timeoutException(WebDriverWait.java:95)\r\n\tat org.openqa.selenium.support.ui.FluentWait.until(FluentWait.java:272)\r\n\tat org.getopentest.selenium.AssertElementPresent.run(AssertElementPresent.java:20)\r\n\tat org.getopentest.base.TestActor.executeAction(TestActor.java:1527)\r\n\tat org.getopentest.base.TestActor.executeActionByClassName(TestActor.java:1603)\r\n\t... 5 more\r\nCaused by: org.openqa.selenium.NoSuchElementException: no such element: Unable to locate element: {\"method\":\"css selector\",\"selector\":\"div[className*='orgaoReguladorPesquisa.jsf']\"}\n  (Session info: chrome=98.0.4758.82)\nFor documentation on this error, please visit: https://www.seleniumhq.org/exceptions/no_such_element.html\nBuild info: version: '3.141.59', revision: 'e82be7d358', time: '2018-11-14T08:17:03'\nSystem info: host: 'DESKTOP-QEPRTHF', ip: '10.191.36.103', os.name: 'Windows 10', os.arch: 'amd64', os.version: '10.0', java.version: '1.8.0_321'\nDriver info: org.openqa.selenium.chrome.ChromeDriver\nCapabilities {acceptInsecureCerts: false, browserName: chrome, browserVersion: 98.0.4758.82, chrome: {chromedriverVersion: 98.0.4758.80 (7f0488e8ba0d8..., userDataDir: C:\\Users\\xzsid\\AppData\\Loca...}, goog:chromeOptions: {debuggerAddress: localhost:63435}, javascriptEnabled: true, networkConnectionEnabled: false, pageLoadStrategy: normal, platform: WINDOWS, platformName: WINDOWS, proxy: Proxy(), setWindowRect: true, strictFileInteractability: false, timeouts: {implicit: 0, pageLoad: 300000, script: 30000}, unhandledPromptBehavior: dismiss and notify, webauthn:extension:credBlob: true, webauthn:extension:largeBlob: true, webauthn:virtualAuthenticators: true}\nSession ID: d1d61af2ce50df94070f80e908f9fa3c\n*** Element info: {Using=css selector, value=div[className*='orgaoReguladorPesquisa.jsf']}\r\n\tat sun.reflect.GeneratedConstructorAccessor15.newInstance(Unknown Source)\r\n\tat sun.reflect.DelegatingConstructorAccessorImpl.newInstance(Unknown Source)\r\n\tat java.lang.reflect.Constructor.newInstance(Unknown Source)\r\n\tat org.openqa.selenium.remote.http.W3CHttpResponseCodec.createException(W3CHttpResponseCodec.java:187)\r\n\tat org.openqa.selenium.remote.http.W3CHttpResponseCodec.decode(W3CHttpResponseCodec.java:122)\r\n\tat org.openqa.selenium.remote.http.W3CHttpResponseCodec.decode(W3CHttpResponseCodec.java:49)\r\n\tat org.openqa.selenium.remote.HttpCommandExecutor.execute(HttpCommandExecutor.java:158)\r\n\tat org.openqa.selenium.remote.service.DriverCommandExecutor.execute(DriverCommandExecutor.java:83)\r\n\tat org.openqa.selenium.remote.RemoteWebDriver.execute(RemoteWebDriver.java:552)\r\n\tat org.openqa.selenium.remote.RemoteWebDriver.findElement(RemoteWebDriver.java:323)\r\n\tat org.openqa.selenium.remote.RemoteWebDriver.findElementByCssSelector(RemoteWebDriver.java:420)\r\n\tat org.openqa.selenium.By$ByCssSelector.findElement(By.java:431)\r\n\tat org.openqa.selenium.remote.RemoteWebDriver.findElement(RemoteWebDriver.java:315)\r\n\tat org.openqa.selenium.support.ui.ExpectedConditions$6.apply(ExpectedConditions.java:182)\r\n\tat org.openqa.selenium.support.ui.ExpectedConditions$6.apply(ExpectedConditions.java:179)\r\n\tat org.openqa.selenium.support.ui.FluentWait.until(FluentWait.java:249)\r\n\t... 8 more\r\n"}],"name":"homePage","path":"web","timeCompleted":null,"timeStarted":1644533466686}]}},"maxIterations":"1","currentIteration":1,"currentTestIndex":1,"currentSegmentIndex":0,"label":"Teste01","result":"failed","status":"completed","tests":[{"actions":[{"action":"org.getopentest.selenium.NavigateTo","actorType":"ACTOR1","args":{"url":"https://medicplanos-pedropaulo-softmakersm.vercel.app/"},"isCheckpoint":false,"description":"Navigate para a pagina do site","durationMs":1743,"macroStack":[],"result":"passed","segment":1},{"action":"org.getopentest.selenium.AssertElementPresent","actorType":"ACTOR1","args":{"locator":{"css":"div[className*='orgaoReguladorPesquisa.jsf']"}},"isCheckpoint":false,"description":"valida se é a tela orgao regulatorio","durationMs":11955,"macroStack":[],"result":"failed","screenshot":"SID1644533466_ACTOR1_T01_SG01_ST02_error.png","segment":1,"stackTrace":"java.lang.RuntimeException: org.openqa.selenium.TimeoutException: Expected condition failed: waiting for presence of element located by: By.cssSelector: div[className*='orgaoReguladorPesquisa.jsf'] (tried for 10 second(s) with 500 milliseconds interval)\r\n\tat org.getopentest.base.TestActor.executeActionByClassName(TestActor.java:1626)\r\n\tat org.getopentest.base.TestActor.executeActionByDef(TestActor.java:1705)\r\n\tat org.getopentest.base.TestActor.executeTestSegment(TestActor.java:2073)\r\n\tat org.getopentest.base.TestActor.runOneSession(TestActor.java:2981)\r\n\tat org.getopentest.base.TestActor.runOneSession(TestActor.java:3017)\r\n\tat org.getopentest.Main.main(Main.java:20)\r\nCaused by: org.openqa.selenium.TimeoutException: Expected condition failed: waiting for presence of element located by: By.cssSelector: div[className*='orgaoReguladorPesquisa.jsf'] (tried for 10 second(s) with 500 milliseconds interval)\r\n\tat org.openqa.selenium.support.ui.WebDriverWait.timeoutException(WebDriverWait.java:95)\r\n\tat org.openqa.selenium.support.ui.FluentWait.until(FluentWait.java:272)\r\n\tat org.getopentest.selenium.AssertElementPresent.run(AssertElementPresent.java:20)\r\n\tat org.getopentest.base.TestActor.executeAction(TestActor.java:1527)\r\n\tat org.getopentest.base.TestActor.executeActionByClassName(TestActor.java:1603)\r\n\t... 5 more\r\nCaused by: org.openqa.selenium.NoSuchElementException: no such element: Unable to locate element: {\"method\":\"css selector\",\"selector\":\"div[className*='orgaoReguladorPesquisa.jsf']\"}\n  (Session info: chrome=98.0.4758.82)\nFor documentation on this error, please visit: https://www.seleniumhq.org/exceptions/no_such_element.html\nBuild info: version: '3.141.59', revision: 'e82be7d358', time: '2018-11-14T08:17:03'\nSystem info: host: 'DESKTOP-QEPRTHF', ip: '10.191.36.103', os.name: 'Windows 10', os.arch: 'amd64', os.version: '10.0', java.version: '1.8.0_321'\nDriver info: org.openqa.selenium.chrome.ChromeDriver\nCapabilities {acceptInsecureCerts: false, browserName: chrome, browserVersion: 98.0.4758.82, chrome: {chromedriverVersion: 98.0.4758.80 (7f0488e8ba0d8..., userDataDir: C:\\Users\\xzsid\\AppData\\Loca...}, goog:chromeOptions: {debuggerAddress: localhost:63435}, javascriptEnabled: true, networkConnectionEnabled: false, pageLoadStrategy: normal, platform: WINDOWS, platformName: WINDOWS, proxy: Proxy(), setWindowRect: true, strictFileInteractability: false, timeouts: {implicit: 0, pageLoad: 300000, script: 30000}, unhandledPromptBehavior: dismiss and notify, webauthn:extension:credBlob: true, webauthn:extension:largeBlob: true, webauthn:virtualAuthenticators: true}\nSession ID: d1d61af2ce50df94070f80e908f9fa3c\n*** Element info: {Using=css selector, value=div[className*='orgaoReguladorPesquisa.jsf']}\r\n\tat sun.reflect.GeneratedConstructorAccessor15.newInstance(Unknown Source)\r\n\tat sun.reflect.DelegatingConstructorAccessorImpl.newInstance(Unknown Source)\r\n\tat java.lang.reflect.Constructor.newInstance(Unknown Source)\r\n\tat org.openqa.selenium.remote.http.W3CHttpResponseCodec.createException(W3CHttpResponseCodec.java:187)\r\n\tat org.openqa.selenium.remote.http.W3CHttpResponseCodec.decode(W3CHttpResponseCodec.java:122)\r\n\tat org.openqa.selenium.remote.http.W3CHttpResponseCodec.decode(W3CHttpResponseCodec.java:49)\r\n\tat org.openqa.selenium.remote.HttpCommandExecutor.execute(HttpCommandExecutor.java:158)\r\n\tat org.openqa.selenium.remote.service.DriverCommandExecutor.execute(DriverCommandExecutor.java:83)\r\n\tat org.openqa.selenium.remote.RemoteWebDriver.execute(RemoteWebDriver.java:552)\r\n\tat org.openqa.selenium.remote.RemoteWebDriver.findElement(RemoteWebDriver.java:323)\r\n\tat org.openqa.selenium.remote.RemoteWebDriver.findElementByCssSelector(RemoteWebDriver.java:420)\r\n\tat org.openqa.selenium.By$ByCssSelector.findElement(By.java:431)\r\n\tat org.openqa.selenium.remote.RemoteWebDriver.findElement(RemoteWebDriver.java:315)\r\n\tat org.openqa.selenium.support.ui.ExpectedConditions$6.apply(ExpectedConditions.java:182)\r\n\tat org.openqa.selenium.support.ui.ExpectedConditions$6.apply(ExpectedConditions.java:179)\r\n\tat org.openqa.selenium.support.ui.FluentWait.until(FluentWait.java:249)\r\n\t... 8 more\r\n"}],"currentIteration":1,"currentSegmentIndex":0,"isDataDriven":false,"name":"homePage","path":"web","result":"failed","status":"completed","segments":[{"index":0,"result":"passed","status":"completed","timeStarted":1644533466686,"timeCompleted":1644533466690},{"index":1,"result":"failed","status":"completed","timeStarted":1644533466700,"timeCompleted":1644533480409}],"tags":[],"timeStarted":1644533466686,"timeCompleted":1644533480409}],"timeCreated":1644533466286,"timeStarted":1644533466686,"timeCompleted":1644533480410,"lastActivity":1644533480409,"_id":"iTf2rDU2iqmF6ncQ","actorTags":[],"environment":"","currentDataRecordIndex":-1}
{"id":1644534612,"actors":{"50948":{"id":50948,"lastSeenTime":1644534609367,"testSessionId":1644534612,"type":"ACTOR1","tags":[],"_id":"NrG1Ph6zkNpVhpDU","ip":"::ffff:127.0.0.1","tests":[{"currentSegmentIndex":1,"segments":[{"index":0,"status":"completed","timeStarted":1644534614504,"timeCompleted":1644534614507,"result":"passed"},{"index":1,"status":"completed","timeStarted":1644534614517,"timeCompleted":1644534616020,"result":"passed"}],"name":"homePage","path":"web","timeCompleted":null,"timeStarted":1644534614504}]}},"maxIterations":"1","currentIteration":1,"currentTestIndex":1,"currentSegmentIndex":0,"label":"Teste01 9","result":"passed","status":"completed","tests":[{"actions":[{"action":"org.getopentest.selenium.NavigateTo","actorType":"ACTOR1","args":{"url":"https://medicplanos-pedropaulo-softmakersm.vercel.app/"},"isCheckpoint":false,"description":"Navigate para a pagina do site","durationMs":1466,"macroStack":[],"result":"passed","segment":1},{"action":"org.getopentest.selenium.AssertElementPresent","actorType":"ACTOR1","args":{"locator":{"css":"div[class*='styles_headerButtons__3B23e'] p a"}},"isCheckpoint":false,"description":"valida se é a tela orgao regulatorio","durationMs":30,"macroStack":[],"result":"passed","segment":1}],"currentIteration":1,"currentSegmentIndex":0,"isDataDriven":false,"name":"homePage","path":"web","result":"passed","status":"completed","segments":[{"index":0,"result":"passed","status":"completed","timeStarted":1644534614504,"timeCompleted":1644534614507},{"index":1,"result":"passed","status":"completed","timeStarted":1644534614517,"timeCompleted":1644534616020}],"tags":[],"timeStarted":1644534614504,"timeCompleted":1644534616020}],"timeCreated":1644534612019,"timeStarted":1644534614504,"timeCompleted":1644534616020,"lastActivity":1644534616020,"_id":"m0Q5NC6IAsiHAPir","actorTags":[],"environment":"","currentDataRecordIndex":-1}
{"id":1644533647,"actors":{"50948":{"id":50948,"lastSeenTime":1644533642012,"testSessionId":1644533647,"type":"ACTOR1","tags":[],"_id":"NrG1Ph6zkNpVhpDU","ip":"::ffff:127.0.0.1","tests":[{"currentSegmentIndex":1,"segments":[{"index":0,"status":"completed","timeStarted":1644533647365,"timeCompleted":1644533647368,"result":"passed"},{"index":1,"status":"completed","timeStarted":1644533647379,"timeCompleted":1644533660753,"result":"failed","stackTrace":"java.lang.RuntimeException: There was an error while executing action no. 2 (org.getopentest.selenium.AssertElementPresent) in segment 1 of test web/homePage.\nThe action definition was:\n{\n  \"action\": \"org.getopentest.selenium.AssertElementPresent\",\n  \"args\": {\n    \"locator\": {\n      \"css\": \"div[class*='styles_headerButtons__3B23e']/p/a\"\n    }\n  },\n  \"description\": \"valida se é a tela orgao regulatorio\"\n}\r\n\tat org.getopentest.base.TestActor.executeTestSegment(TestActor.java:2123)\r\n\tat org.getopentest.base.TestActor.runOneSession(TestActor.java:2981)\r\n\tat org.getopentest.base.TestActor.runOneSession(TestActor.java:3017)\r\n\tat org.getopentest.Main.main(Main.java:20)\r\nCaused by: java.lang.RuntimeException: Failed executing action org.getopentest.selenium.AssertElementPresent with arguments {\"locator\":{\"css\":\"div[class*='styles_headerButtons__3B23e']/p/a\"}}\r\n\tat org.getopentest.base.TestActor.executeActionByDef(TestActor.java:1821)\r\n\tat org.getopentest.base.TestActor.executeTestSegment(TestActor.java:2073)\r\n\t... 3 more\r\nCaused by: java.lang.RuntimeException: org.openqa.selenium.TimeoutException: Expected condition failed: waiting for presence of element located by: By.cssSelector: div[class*='styles_headerButtons__3B23e']/p/a (tried for 10 second(s) with 500 milliseconds interval)\r\n\tat org.getopentest.base.TestActor.executeActionByClassName(TestActor.java:1626)\r\n\tat org.getopentest.base.TestActor.executeActionByDef(TestActor.java:1705)\r\n\t... 4 more\r\nCaused by: org.openqa.selenium.TimeoutException: Expected condition failed: waiting for presence of element located by: By.cssSelector: div[class*='styles_headerButtons__3B23e']/p/a (tried for 10 second(s) with 500 milliseconds interval)\r\n\tat org.openqa.selenium.support.ui.WebDriverWait.timeoutException(WebDriverWait.java:95)\r\n\tat org.openqa.selenium.support.ui.FluentWait.until(FluentWait.java:272)\r\n\tat org.getopentest.selenium.AssertElementPresent.run(AssertElementPresent.java:20)\r\n\tat org.getopentest.base.TestActor.executeAction(TestActor.java:1527)\r\n\tat org.getopentest.base.TestActor.executeActionByClassName(TestActor.java:1603)\r\n\t... 5 more\r\nCaused by: org.openqa.selenium.InvalidSelectorException: invalid selector: An invalid or illegal selector was specified\n  (Session info: chrome=98.0.4758.82)\nFor documentation on this error, please visit: https://www.seleniumhq.org/exceptions/invalid_selector_exception.html\nBuild info: version: '3.141.59', revision: 'e82be7d358', time: '2018-11-14T08:17:03'\nSystem info: host: 'DESKTOP-QEPRTHF', ip: '10.191.36.103', os.name: 'Windows 10', os.arch: 'amd64', os.version: '10.0', java.version: '1.8.0_321'\nDriver info: org.openqa.selenium.chrome.ChromeDriver\nCapabilities {acceptInsecureCerts: false, browserName: chrome, browserVersion: 98.0.4758.82, chrome: {chromedriverVersion: 98.0.4758.80 (7f0488e8ba0d8..., userDataDir: C:\\Users\\xzsid\\AppData\\Loca...}, goog:chromeOptions: {debuggerAddress: localhost:63749}, javascriptEnabled: true, networkConnectionEnabled: false, pageLoadStrategy: normal, platform: WINDOWS, platformName: WINDOWS, proxy: Proxy(), setWindowRect: true, strictFileInteractability: false, timeouts: {implicit: 0, pageLoad: 300000, script: 30000}, unhandledPromptBehavior: dismiss and notify, webauthn:extension:credBlob: true, webauthn:extension:largeBlob: true, webauthn:virtualAuthenticators: true}\nSession ID: 170d86fa71eb5303722e990ca9436d0c\n*** Element info: {Using=css selector, value=div[class*='styles_headerButtons__3B23e']/p/a}\r\n\tat sun.reflect.GeneratedConstructorAccessor16.newInstance(Unknown Source)\r\n\tat sun.reflect.DelegatingConstructorAccessorImpl.newInstance(Unknown Source)\r\n\tat java.lang.reflect.Constructor.newInstance(Unknown Source)\r\n\tat org.openqa.selenium.remote.http.W3CHttpResponseCodec.createException(W3CHttpResponseCodec.java:187)\r\n\tat org.openqa.selenium.remote.http.W3CHttpResponseCodec.decode(W3CHttpResponseCodec.java:122)\r\n\tat org.openqa.selenium.remote.http.W3CHttpResponseCodec.decode(W3CHttpResponseCodec.java:49)\r\n\tat org.openqa.selenium.remote.HttpCommandExecutor.execute(HttpCommandExecutor.java:158)\r\n\tat org.openqa.selenium.remote.service.DriverCommandExecutor.execute(DriverCommandExecutor.java:83)\r\n\tat org.openqa.selenium.remote.RemoteWebDriver.execute(RemoteWebDriver.java:552)\r\n\tat org.openqa.selenium.remote.RemoteWebDriver.findElement(RemoteWebDriver.java:323)\r\n\tat org.openqa.selenium.remote.RemoteWebDriver.findElementByCssSelector(RemoteWebDriver.java:420)\r\n\tat org.openqa.selenium.By$ByCssSelector.findElement(By.java:431)\r\n\tat org.openqa.selenium.remote.RemoteWebDriver.findElement(RemoteWebDriver.java:315)\r\n\tat org.openqa.selenium.support.ui.ExpectedConditions$6.apply(ExpectedConditions.java:182)\r\n\tat org.openqa.selenium.support.ui.ExpectedConditions$6.apply(ExpectedConditions.java:179)\r\n\tat org.openqa.selenium.support.ui.FluentWait.until(FluentWait.java:249)\r\n\t... 8 more\r\n"}],"name":"homePage","path":"web","timeCompleted":null,"timeStarted":1644533647365}]}},"maxIterations":"1","currentIteration":1,"currentTestIndex":1,"currentSegmentIndex":0,"label":"Teste01 6","result":"failed","status":"completed","tests":[{"actions":[{"action":"org.getopentest.selenium.NavigateTo","actorType":"ACTOR1","args":{"url":"https://medicplanos-pedropaulo-softmakersm.vercel.app/"},"isCheckpoint":false,"description":"Navigate para a pagina do site","durationMs":1428,"macroStack":[],"result":"passed","segment":1},{"action":"org.getopentest.selenium.AssertElementPresent","actorType":"ACTOR1","args":{"locator":{"css":"div[class*='styles_headerButtons__3B23e']/p/a"}},"isCheckpoint":false,"description":"valida se é a tela orgao regulatorio","durationMs":11937,"macroStack":[],"result":"failed","screenshot":"SID1644533647_ACTOR1_T01_SG01_ST02_error.png","segment":1,"stackTrace":"java.lang.RuntimeException: org.openqa.selenium.TimeoutException: Expected condition failed: waiting for presence of element located by: By.cssSelector: div[class*='styles_headerButtons__3B23e']/p/a (tried for 10 second(s) with 500 milliseconds interval)\r\n\tat org.getopentest.base.TestActor.executeActionByClassName(TestActor.java:1626)\r\n\tat org.getopentest.base.TestActor.executeActionByDef(TestActor.java:1705)\r\n\tat org.getopentest.base.TestActor.executeTestSegment(TestActor.java:2073)\r\n\tat org.getopentest.base.TestActor.runOneSession(TestActor.java:2981)\r\n\tat org.getopentest.base.TestActor.runOneSession(TestActor.java:3017)\r\n\tat org.getopentest.Main.main(Main.java:20)\r\nCaused by: org.openqa.selenium.TimeoutException: Expected condition failed: waiting for presence of element located by: By.cssSelector: div[class*='styles_headerButtons__3B23e']/p/a (tried for 10 second(s) with 500 milliseconds interval)\r\n\tat org.openqa.selenium.support.ui.WebDriverWait.timeoutException(WebDriverWait.java:95)\r\n\tat org.openqa.selenium.support.ui.FluentWait.until(FluentWait.java:272)\r\n\tat org.getopentest.selenium.AssertElementPresent.run(AssertElementPresent.java:20)\r\n\tat org.getopentest.base.TestActor.executeAction(TestActor.java:1527)\r\n\tat org.getopentest.base.TestActor.executeActionByClassName(TestActor.java:1603)\r\n\t... 5 more\r\nCaused by: org.openqa.selenium.InvalidSelectorException: invalid selector: An invalid or illegal selector was specified\n  (Session info: chrome=98.0.4758.82)\nFor documentation on this error, please visit: https://www.seleniumhq.org/exceptions/invalid_selector_exception.html\nBuild info: version: '3.141.59', revision: 'e82be7d358', time: '2018-11-14T08:17:03'\nSystem info: host: 'DESKTOP-QEPRTHF', ip: '10.191.36.103', os.name: 'Windows 10', os.arch: 'amd64', os.version: '10.0', java.version: '1.8.0_321'\nDriver info: org.openqa.selenium.chrome.ChromeDriver\nCapabilities {acceptInsecureCerts: false, browserName: chrome, browserVersion: 98.0.4758.82, chrome: {chromedriverVersion: 98.0.4758.80 (7f0488e8ba0d8..., userDataDir: C:\\Users\\xzsid\\AppData\\Loca...}, goog:chromeOptions: {debuggerAddress: localhost:63749}, javascriptEnabled: true, networkConnectionEnabled: false, pageLoadStrategy: normal, platform: WINDOWS, platformName: WINDOWS, proxy: Proxy(), setWindowRect: true, strictFileInteractability: false, timeouts: {implicit: 0, pageLoad: 300000, script: 30000}, unhandledPromptBehavior: dismiss and notify, webauthn:extension:credBlob: true, webauthn:extension:largeBlob: true, webauthn:virtualAuthenticators: true}\nSession ID: 170d86fa71eb5303722e990ca9436d0c\n*** Element info: {Using=css selector, value=div[class*='styles_headerButtons__3B23e']/p/a}\r\n\tat sun.reflect.GeneratedConstructorAccessor16.newInstance(Unknown Source)\r\n\tat sun.reflect.DelegatingConstructorAccessorImpl.newInstance(Unknown Source)\r\n\tat java.lang.reflect.Constructor.newInstance(Unknown Source)\r\n\tat org.openqa.selenium.remote.http.W3CHttpResponseCodec.createException(W3CHttpResponseCodec.java:187)\r\n\tat org.openqa.selenium.remote.http.W3CHttpResponseCodec.decode(W3CHttpResponseCodec.java:122)\r\n\tat org.openqa.selenium.remote.http.W3CHttpResponseCodec.decode(W3CHttpResponseCodec.java:49)\r\n\tat org.openqa.selenium.remote.HttpCommandExecutor.execute(HttpCommandExecutor.java:158)\r\n\tat org.openqa.selenium.remote.service.DriverCommandExecutor.execute(DriverCommandExecutor.java:83)\r\n\tat org.openqa.selenium.remote.RemoteWebDriver.execute(RemoteWebDriver.java:552)\r\n\tat org.openqa.selenium.remote.RemoteWebDriver.findElement(RemoteWebDriver.java:323)\r\n\tat org.openqa.selenium.remote.RemoteWebDriver.findElementByCssSelector(RemoteWebDriver.java:420)\r\n\tat org.openqa.selenium.By$ByCssSelector.findElement(By.java:431)\r\n\tat org.openqa.selenium.remote.RemoteWebDriver.findElement(RemoteWebDriver.java:315)\r\n\tat org.openqa.selenium.support.ui.ExpectedConditions$6.apply(ExpectedConditions.java:182)\r\n\tat org.openqa.selenium.support.ui.ExpectedConditions$6.apply(ExpectedConditions.java:179)\r\n\tat org.openqa.selenium.support.ui.FluentWait.until(FluentWait.java:249)\r\n\t... 8 more\r\n"}],"currentIteration":1,"currentSegmentIndex":0,"isDataDriven":false,"name":"homePage","path":"web","result":"failed","status":"completed","segments":[{"index":0,"result":"passed","status":"completed","timeStarted":1644533647365,"timeCompleted":1644533647368},{"index":1,"result":"failed","status":"completed","timeStarted":1644533647379,"timeCompleted":1644533660753}],"tags":[],"timeStarted":1644533647365,"timeCompleted":1644533660753}],"timeCreated":1644533646678,"timeStarted":1644533647365,"timeCompleted":1644533660753,"lastActivity":1644533660753,"_id":"pwvrHnP5Li0L5SLc","actorTags":[],"environment":"","currentDataRecordIndex":-1}
{"id":1644533535,"actors":{"50948":{"id":50948,"lastSeenTime":1644533531727,"testSessionId":1644533535,"type":"ACTOR1","tags":[],"_id":"NrG1Ph6zkNpVhpDU","ip":"::ffff:127.0.0.1","tests":[{"currentSegmentIndex":1,"segments":[{"index":0,"status":"completed","timeStarted":1644533537651,"timeCompleted":1644533537655,"result":"passed"},{"index":1,"status":"completed","timeStarted":1644533537664,"timeCompleted":1644533551282,"result":"failed","stackTrace":"java.lang.RuntimeException: There was an error while executing action no. 2 (org.getopentest.selenium.AssertElementPresent) in segment 1 of test web/homePage.\nThe action definition was:\n{\n  \"action\": \"org.getopentest.selenium.AssertElementPresent\",\n  \"args\": {\n    \"locator\": {\n      \"css\": \"div[className*='styles_headerButtons__3B23e']/p/a\"\n    }\n  },\n  \"description\": \"valida se é a tela orgao regulatorio\"\n}\r\n\tat org.getopentest.base.TestActor.executeTestSegment(TestActor.java:2123)\r\n\tat org.getopentest.base.TestActor.runOneSession(TestActor.java:2981)\r\n\tat org.getopentest.base.TestActor.runOneSession(TestActor.java:3017)\r\n\tat org.getopentest.Main.main(Main.java:20)\r\nCaused by: java.lang.RuntimeException: Failed executing action org.getopentest.selenium.AssertElementPresent with arguments {\"locator\":{\"css\":\"div[className*='styles_headerButtons__3B23e']/p/a\"}}\r\n\tat org.getopentest.base.TestActor.executeActionByDef(TestActor.java:1821)\r\n\tat org.getopentest.base.TestActor.executeTestSegment(TestActor.java:2073)\r\n\t... 3 more\r\nCaused by: java.lang.RuntimeException: org.openqa.selenium.TimeoutException: Expected condition failed: waiting for presence of element located by: By.cssSelector: div[className*='styles_headerButtons__3B23e']/p/a (tried for 10 second(s) with 500 milliseconds interval)\r\n\tat org.getopentest.base.TestActor.executeActionByClassName(TestActor.java:1626)\r\n\tat org.getopentest.base.TestActor.executeActionByDef(TestActor.java:1705)\r\n\t... 4 more\r\nCaused by: org.openqa.selenium.TimeoutException: Expected condition failed: waiting for presence of element located by: By.cssSelector: div[className*='styles_headerButtons__3B23e']/p/a (tried for 10 second(s) with 500 milliseconds interval)\r\n\tat org.openqa.selenium.support.ui.WebDriverWait.timeoutException(WebDriverWait.java:95)\r\n\tat org.openqa.selenium.support.ui.FluentWait.until(FluentWait.java:272)\r\n\tat org.getopentest.selenium.AssertElementPresent.run(AssertElementPresent.java:20)\r\n\tat org.getopentest.base.TestActor.executeAction(TestActor.java:1527)\r\n\tat org.getopentest.base.TestActor.executeActionByClassName(TestActor.java:1603)\r\n\t... 5 more\r\nCaused by: org.openqa.selenium.InvalidSelectorException: invalid selector: An invalid or illegal selector was specified\n  (Session info: chrome=98.0.4758.82)\nFor documentation on this error, please visit: https://www.seleniumhq.org/exceptions/invalid_selector_exception.html\nBuild info: version: '3.141.59', revision: 'e82be7d358', time: '2018-11-14T08:17:03'\nSystem info: host: 'DESKTOP-QEPRTHF', ip: '10.191.36.103', os.name: 'Windows 10', os.arch: 'amd64', os.version: '10.0', java.version: '1.8.0_321'\nDriver info: org.openqa.selenium.chrome.ChromeDriver\nCapabilities {acceptInsecureCerts: false, browserName: chrome, browserVersion: 98.0.4758.82, chrome: {chromedriverVersion: 98.0.4758.80 (7f0488e8ba0d8..., userDataDir: C:\\Users\\xzsid\\AppData\\Loca...}, goog:chromeOptions: {debuggerAddress: localhost:63557}, javascriptEnabled: true, networkConnectionEnabled: false, pageLoadStrategy: normal, platform: WINDOWS, platformName: WINDOWS, proxy: Proxy(), setWindowRect: true, strictFileInteractability: false, timeouts: {implicit: 0, pageLoad: 300000, script: 30000}, unhandledPromptBehavior: dismiss and notify, webauthn:extension:credBlob: true, webauthn:extension:largeBlob: true, webauthn:virtualAuthenticators: true}\nSession ID: 1add64eac670ec484a4a0d2702d2bcb0\n*** Element info: {Using=css selector, value=div[className*='styles_headerButtons__3B23e']/p/a}\r\n\tat sun.reflect.GeneratedConstructorAccessor16.newInstance(Unknown Source)\r\n\tat sun.reflect.DelegatingConstructorAccessorImpl.newInstance(Unknown Source)\r\n\tat java.lang.reflect.Constructor.newInstance(Unknown Source)\r\n\tat org.openqa.selenium.remote.http.W3CHttpResponseCodec.createException(W3CHttpResponseCodec.java:187)\r\n\tat org.openqa.selenium.remote.http.W3CHttpResponseCodec.decode(W3CHttpResponseCodec.java:122)\r\n\tat org.openqa.selenium.remote.http.W3CHttpResponseCodec.decode(W3CHttpResponseCodec.java:49)\r\n\tat org.openqa.selenium.remote.HttpCommandExecutor.execute(HttpCommandExecutor.java:158)\r\n\tat org.openqa.selenium.remote.service.DriverCommandExecutor.execute(DriverCommandExecutor.java:83)\r\n\tat org.openqa.selenium.remote.RemoteWebDriver.execute(RemoteWebDriver.java:552)\r\n\tat org.openqa.selenium.remote.RemoteWebDriver.findElement(RemoteWebDriver.java:323)\r\n\tat org.openqa.selenium.remote.RemoteWebDriver.findElementByCssSelector(RemoteWebDriver.java:420)\r\n\tat org.openqa.selenium.By$ByCssSelector.findElement(By.java:431)\r\n\tat org.openqa.selenium.remote.RemoteWebDriver.findElement(RemoteWebDriver.java:315)\r\n\tat org.openqa.selenium.support.ui.ExpectedConditions$6.apply(ExpectedConditions.java:182)\r\n\tat org.openqa.selenium.support.ui.ExpectedConditions$6.apply(ExpectedConditions.java:179)\r\n\tat org.openqa.selenium.support.ui.FluentWait.until(FluentWait.java:249)\r\n\t... 8 more\r\n"}],"name":"homePage","path":"web","timeCompleted":null,"timeStarted":1644533537651}]}},"maxIterations":"1","currentIteration":1,"currentTestIndex":1,"currentSegmentIndex":0,"label":"Teste01 3","result":"failed","status":"completed","tests":[{"actions":[{"action":"org.getopentest.selenium.NavigateTo","actorType":"ACTOR1","args":{"url":"https://medicplanos-pedropaulo-softmakersm.vercel.app/"},"isCheckpoint":false,"description":"Navigate para a pagina do site","durationMs":1635,"macroStack":[],"result":"passed","segment":1},{"action":"org.getopentest.selenium.AssertElementPresent","actorType":"ACTOR1","args":{"locator":{"css":"div[className*='styles_headerButtons__3B23e']/p/a"}},"isCheckpoint":false,"description":"valida se é a tela orgao regulatorio","durationMs":11976,"macroStack":[],"result":"failed","screenshot":"SID1644533535_ACTOR1_T01_SG01_ST02_error.png","segment":1,"stackTrace":"java.lang.RuntimeException: org.openqa.selenium.TimeoutException: Expected condition failed: waiting for presence of element located by: By.cssSelector: div[className*='styles_headerButtons__3B23e']/p/a (tried for 10 second(s) with 500 milliseconds interval)\r\n\tat org.getopentest.base.TestActor.executeActionByClassName(TestActor.java:1626)\r\n\tat org.getopentest.base.TestActor.executeActionByDef(TestActor.java:1705)\r\n\tat org.getopentest.base.TestActor.executeTestSegment(TestActor.java:2073)\r\n\tat org.getopentest.base.TestActor.runOneSession(TestActor.java:2981)\r\n\tat org.getopentest.base.TestActor.runOneSession(TestActor.java:3017)\r\n\tat org.getopentest.Main.main(Main.java:20)\r\nCaused by: org.openqa.selenium.TimeoutException: Expected condition failed: waiting for presence of element located by: By.cssSelector: div[className*='styles_headerButtons__3B23e']/p/a (tried for 10 second(s) with 500 milliseconds interval)\r\n\tat org.openqa.selenium.support.ui.WebDriverWait.timeoutException(WebDriverWait.java:95)\r\n\tat org.openqa.selenium.support.ui.FluentWait.until(FluentWait.java:272)\r\n\tat org.getopentest.selenium.AssertElementPresent.run(AssertElementPresent.java:20)\r\n\tat org.getopentest.base.TestActor.executeAction(TestActor.java:1527)\r\n\tat org.getopentest.base.TestActor.executeActionByClassName(TestActor.java:1603)\r\n\t... 5 more\r\nCaused by: org.openqa.selenium.InvalidSelectorException: invalid selector: An invalid or illegal selector was specified\n  (Session info: chrome=98.0.4758.82)\nFor documentation on this error, please visit: https://www.seleniumhq.org/exceptions/invalid_selector_exception.html\nBuild info: version: '3.141.59', revision: 'e82be7d358', time: '2018-11-14T08:17:03'\nSystem info: host: 'DESKTOP-QEPRTHF', ip: '10.191.36.103', os.name: 'Windows 10', os.arch: 'amd64', os.version: '10.0', java.version: '1.8.0_321'\nDriver info: org.openqa.selenium.chrome.ChromeDriver\nCapabilities {acceptInsecureCerts: false, browserName: chrome, browserVersion: 98.0.4758.82, chrome: {chromedriverVersion: 98.0.4758.80 (7f0488e8ba0d8..., userDataDir: C:\\Users\\xzsid\\AppData\\Loca...}, goog:chromeOptions: {debuggerAddress: localhost:63557}, javascriptEnabled: true, networkConnectionEnabled: false, pageLoadStrategy: normal, platform: WINDOWS, platformName: WINDOWS, proxy: Proxy(), setWindowRect: true, strictFileInteractability: false, timeouts: {implicit: 0, pageLoad: 300000, script: 30000}, unhandledPromptBehavior: dismiss and notify, webauthn:extension:credBlob: true, webauthn:extension:largeBlob: true, webauthn:virtualAuthenticators: true}\nSession ID: 1add64eac670ec484a4a0d2702d2bcb0\n*** Element info: {Using=css selector, value=div[className*='styles_headerButtons__3B23e']/p/a}\r\n\tat sun.reflect.GeneratedConstructorAccessor16.newInstance(Unknown Source)\r\n\tat sun.reflect.DelegatingConstructorAccessorImpl.newInstance(Unknown Source)\r\n\tat java.lang.reflect.Constructor.newInstance(Unknown Source)\r\n\tat org.openqa.selenium.remote.http.W3CHttpResponseCodec.createException(W3CHttpResponseCodec.java:187)\r\n\tat org.openqa.selenium.remote.http.W3CHttpResponseCodec.decode(W3CHttpResponseCodec.java:122)\r\n\tat org.openqa.selenium.remote.http.W3CHttpResponseCodec.decode(W3CHttpResponseCodec.java:49)\r\n\tat org.openqa.selenium.remote.HttpCommandExecutor.execute(HttpCommandExecutor.java:158)\r\n\tat org.openqa.selenium.remote.service.DriverCommandExecutor.execute(DriverCommandExecutor.java:83)\r\n\tat org.openqa.selenium.remote.RemoteWebDriver.execute(RemoteWebDriver.java:552)\r\n\tat org.openqa.selenium.remote.RemoteWebDriver.findElement(RemoteWebDriver.java:323)\r\n\tat org.openqa.selenium.remote.RemoteWebDriver.findElementByCssSelector(RemoteWebDriver.java:420)\r\n\tat org.openqa.selenium.By$ByCssSelector.findElement(By.java:431)\r\n\tat org.openqa.selenium.remote.RemoteWebDriver.findElement(RemoteWebDriver.java:315)\r\n\tat org.openqa.selenium.support.ui.ExpectedConditions$6.apply(ExpectedConditions.java:182)\r\n\tat org.openqa.selenium.support.ui.ExpectedConditions$6.apply(ExpectedConditions.java:179)\r\n\tat org.openqa.selenium.support.ui.FluentWait.until(FluentWait.java:249)\r\n\t... 8 more\r\n"}],"currentIteration":1,"currentSegmentIndex":0,"isDataDriven":false,"name":"homePage","path":"web","result":"failed","status":"completed","segments":[{"index":0,"result":"passed","status":"completed","timeStarted":1644533537651,"timeCompleted":1644533537656},{"index":1,"result":"failed","status":"completed","timeStarted":1644533537664,"timeCompleted":1644533551282}],"tags":[],"timeStarted":1644533537651,"timeCompleted":1644533551282}],"timeCreated":1644533534799,"timeStarted":1644533537651,"timeCompleted":1644533551282,"lastActivity":1644533551282,"_id":"qVqpU5jF2aSaUplI","actorTags":[],"environment":"","currentDataRecordIndex":-1}
{"id":1644533498,"actors":{"50948":{"id":50948,"lastSeenTime":1644533496638,"testSessionId":1644533498,"type":"ACTOR1","tags":[],"_id":"NrG1Ph6zkNpVhpDU","ip":"::ffff:127.0.0.1","tests":[{"currentSegmentIndex":1,"segments":[{"index":0,"status":"completed","timeStarted":1644533501798,"timeCompleted":1644533501802,"result":"passed"},{"index":1,"status":"completed","timeStarted":1644533501809,"timeCompleted":1644533515316,"result":"failed","stackTrace":"java.lang.RuntimeException: There was an error while executing action no. 2 (org.getopentest.selenium.AssertElementPresent) in segment 1 of test web/homePage.\nThe action definition was:\n{\n  \"action\": \"org.getopentest.selenium.AssertElementPresent\",\n  \"args\": {\n    \"locator\": {\n      \"css\": \"div[className*='orgaoReguladorPesquisa.jsf']/p/a\"\n    }\n  },\n  \"description\": \"valida se é a tela orgao regulatorio\"\n}\r\n\tat org.getopentest.base.TestActor.executeTestSegment(TestActor.java:2123)\r\n\tat org.getopentest.base.TestActor.runOneSession(TestActor.java:2981)\r\n\tat org.getopentest.base.TestActor.runOneSession(TestActor.java:3017)\r\n\tat org.getopentest.Main.main(Main.java:20)\r\nCaused by: java.lang.RuntimeException: Failed executing action org.getopentest.selenium.AssertElementPresent with arguments {\"locator\":{\"css\":\"div[className*='orgaoReguladorPesquisa.jsf']/p/a\"}}\r\n\tat org.getopentest.base.TestActor.executeActionByDef(TestActor.java:1821)\r\n\tat org.getopentest.base.TestActor.executeTestSegment(TestActor.java:2073)\r\n\t... 3 more\r\nCaused by: java.lang.RuntimeException: org.openqa.selenium.TimeoutException: Expected condition failed: waiting for presence of element located by: By.cssSelector: div[className*='orgaoReguladorPesquisa.jsf']/p/a (tried for 10 second(s) with 500 milliseconds interval)\r\n\tat org.getopentest.base.TestActor.executeActionByClassName(TestActor.java:1626)\r\n\tat org.getopentest.base.TestActor.executeActionByDef(TestActor.java:1705)\r\n\t... 4 more\r\nCaused by: org.openqa.selenium.TimeoutException: Expected condition failed: waiting for presence of element located by: By.cssSelector: div[className*='orgaoReguladorPesquisa.jsf']/p/a (tried for 10 second(s) with 500 milliseconds interval)\r\n\tat org.openqa.selenium.support.ui.WebDriverWait.timeoutException(WebDriverWait.java:95)\r\n\tat org.openqa.selenium.support.ui.FluentWait.until(FluentWait.java:272)\r\n\tat org.getopentest.selenium.AssertElementPresent.run(AssertElementPresent.java:20)\r\n\tat org.getopentest.base.TestActor.executeAction(TestActor.java:1527)\r\n\tat org.getopentest.base.TestActor.executeActionByClassName(TestActor.java:1603)\r\n\t... 5 more\r\nCaused by: org.openqa.selenium.InvalidSelectorException: invalid selector: An invalid or illegal selector was specified\n  (Session info: chrome=98.0.4758.82)\nFor documentation on this error, please visit: https://www.seleniumhq.org/exceptions/invalid_selector_exception.html\nBuild info: version: '3.141.59', revision: 'e82be7d358', time: '2018-11-14T08:17:03'\nSystem info: host: 'DESKTOP-QEPRTHF', ip: '10.191.36.103', os.name: 'Windows 10', os.arch: 'amd64', os.version: '10.0', java.version: '1.8.0_321'\nDriver info: org.openqa.selenium.chrome.ChromeDriver\nCapabilities {acceptInsecureCerts: false, browserName: chrome, browserVersion: 98.0.4758.82, chrome: {chromedriverVersion: 98.0.4758.80 (7f0488e8ba0d8..., userDataDir: C:\\Users\\xzsid\\AppData\\Loca...}, goog:chromeOptions: {debuggerAddress: localhost:63493}, javascriptEnabled: true, networkConnectionEnabled: false, pageLoadStrategy: normal, platform: WINDOWS, platformName: WINDOWS, proxy: Proxy(), setWindowRect: true, strictFileInteractability: false, timeouts: {implicit: 0, pageLoad: 300000, script: 30000}, unhandledPromptBehavior: dismiss and notify, webauthn:extension:credBlob: true, webauthn:extension:largeBlob: true, webauthn:virtualAuthenticators: true}\nSession ID: 2662e7f1c25d26fc379bbda5a4a88841\n*** Element info: {Using=css selector, value=div[className*='orgaoReguladorPesquisa.jsf']/p/a}\r\n\tat sun.reflect.GeneratedConstructorAccessor16.newInstance(Unknown Source)\r\n\tat sun.reflect.DelegatingConstructorAccessorImpl.newInstance(Unknown Source)\r\n\tat java.lang.reflect.Constructor.newInstance(Unknown Source)\r\n\tat org.openqa.selenium.remote.http.W3CHttpResponseCodec.createException(W3CHttpResponseCodec.java:187)\r\n\tat org.openqa.selenium.remote.http.W3CHttpResponseCodec.decode(W3CHttpResponseCodec.java:122)\r\n\tat org.openqa.selenium.remote.http.W3CHttpResponseCodec.decode(W3CHttpResponseCodec.java:49)\r\n\tat org.openqa.selenium.remote.HttpCommandExecutor.execute(HttpCommandExecutor.java:158)\r\n\tat org.openqa.selenium.remote.service.DriverCommandExecutor.execute(DriverCommandExecutor.java:83)\r\n\tat org.openqa.selenium.remote.RemoteWebDriver.execute(RemoteWebDriver.java:552)\r\n\tat org.openqa.selenium.remote.RemoteWebDriver.findElement(RemoteWebDriver.java:323)\r\n\tat org.openqa.selenium.remote.RemoteWebDriver.findElementByCssSelector(RemoteWebDriver.java:420)\r\n\tat org.openqa.selenium.By$ByCssSelector.findElement(By.java:431)\r\n\tat org.openqa.selenium.remote.RemoteWebDriver.findElement(RemoteWebDriver.java:315)\r\n\tat org.openqa.selenium.support.ui.ExpectedConditions$6.apply(ExpectedConditions.java:182)\r\n\tat org.openqa.selenium.support.ui.ExpectedConditions$6.apply(ExpectedConditions.java:179)\r\n\tat org.openqa.selenium.support.ui.FluentWait.until(FluentWait.java:249)\r\n\t... 8 more\r\n"}],"name":"homePage","path":"web","timeCompleted":null,"timeStarted":1644533501798}]}},"maxIterations":"1","currentIteration":1,"currentTestIndex":1,"currentSegmentIndex":0,"label":"Teste01 2","result":"failed","status":"completed","tests":[{"actions":[{"action":"org.getopentest.selenium.NavigateTo","actorType":"ACTOR1","args":{"url":"https://medicplanos-pedropaulo-softmakersm.vercel.app/"},"isCheckpoint":false,"description":"Navigate para a pagina do site","durationMs":1564,"macroStack":[],"result":"passed","segment":1},{"action":"org.getopentest.selenium.AssertElementPresent","actorType":"ACTOR1","args":{"locator":{"css":"div[className*='orgaoReguladorPesquisa.jsf']/p/a"}},"isCheckpoint":false,"description":"valida se é a tela orgao regulatorio","durationMs":11936,"macroStack":[],"result":"failed","screenshot":"SID1644533498_ACTOR1_T01_SG01_ST02_error.png","segment":1,"stackTrace":"java.lang.RuntimeException: org.openqa.selenium.TimeoutException: Expected condition failed: waiting for presence of element located by: By.cssSelector: div[className*='orgaoReguladorPesquisa.jsf']/p/a (tried for 10 second(s) with 500 milliseconds interval)\r\n\tat org.getopentest.base.TestActor.executeActionByClassName(TestActor.java:1626)\r\n\tat org.getopentest.base.TestActor.executeActionByDef(TestActor.java:1705)\r\n\tat org.getopentest.base.TestActor.executeTestSegment(TestActor.java:2073)\r\n\tat org.getopentest.base.TestActor.runOneSession(TestActor.java:2981)\r\n\tat org.getopentest.base.TestActor.runOneSession(TestActor.java:3017)\r\n\tat org.getopentest.Main.main(Main.java:20)\r\nCaused by: org.openqa.selenium.TimeoutException: Expected condition failed: waiting for presence of element located by: By.cssSelector: div[className*='orgaoReguladorPesquisa.jsf']/p/a (tried for 10 second(s) with 500 milliseconds interval)\r\n\tat org.openqa.selenium.support.ui.WebDriverWait.timeoutException(WebDriverWait.java:95)\r\n\tat org.openqa.selenium.support.ui.FluentWait.until(FluentWait.java:272)\r\n\tat org.getopentest.selenium.AssertElementPresent.run(AssertElementPresent.java:20)\r\n\tat org.getopentest.base.TestActor.executeAction(TestActor.java:1527)\r\n\tat org.getopentest.base.TestActor.executeActionByClassName(TestActor.java:1603)\r\n\t... 5 more\r\nCaused by: org.openqa.selenium.InvalidSelectorException: invalid selector: An invalid or illegal selector was specified\n  (Session info: chrome=98.0.4758.82)\nFor documentation on this error, please visit: https://www.seleniumhq.org/exceptions/invalid_selector_exception.html\nBuild info: version: '3.141.59', revision: 'e82be7d358', time: '2018-11-14T08:17:03'\nSystem info: host: 'DESKTOP-QEPRTHF', ip: '10.191.36.103', os.name: 'Windows 10', os.arch: 'amd64', os.version: '10.0', java.version: '1.8.0_321'\nDriver info: org.openqa.selenium.chrome.ChromeDriver\nCapabilities {acceptInsecureCerts: false, browserName: chrome, browserVersion: 98.0.4758.82, chrome: {chromedriverVersion: 98.0.4758.80 (7f0488e8ba0d8..., userDataDir: C:\\Users\\xzsid\\AppData\\Loca...}, goog:chromeOptions: {debuggerAddress: localhost:63493}, javascriptEnabled: true, networkConnectionEnabled: false, pageLoadStrategy: normal, platform: WINDOWS, platformName: WINDOWS, proxy: Proxy(), setWindowRect: true, strictFileInteractability: false, timeouts: {implicit: 0, pageLoad: 300000, script: 30000}, unhandledPromptBehavior: dismiss and notify, webauthn:extension:credBlob: true, webauthn:extension:largeBlob: true, webauthn:virtualAuthenticators: true}\nSession ID: 2662e7f1c25d26fc379bbda5a4a88841\n*** Element info: {Using=css selector, value=div[className*='orgaoReguladorPesquisa.jsf']/p/a}\r\n\tat sun.reflect.GeneratedConstructorAccessor16.newInstance(Unknown Source)\r\n\tat sun.reflect.DelegatingConstructorAccessorImpl.newInstance(Unknown Source)\r\n\tat java.lang.reflect.Constructor.newInstance(Unknown Source)\r\n\tat org.openqa.selenium.remote.http.W3CHttpResponseCodec.createException(W3CHttpResponseCodec.java:187)\r\n\tat org.openqa.selenium.remote.http.W3CHttpResponseCodec.decode(W3CHttpResponseCodec.java:122)\r\n\tat org.openqa.selenium.remote.http.W3CHttpResponseCodec.decode(W3CHttpResponseCodec.java:49)\r\n\tat org.openqa.selenium.remote.HttpCommandExecutor.execute(HttpCommandExecutor.java:158)\r\n\tat org.openqa.selenium.remote.service.DriverCommandExecutor.execute(DriverCommandExecutor.java:83)\r\n\tat org.openqa.selenium.remote.RemoteWebDriver.execute(RemoteWebDriver.java:552)\r\n\tat org.openqa.selenium.remote.RemoteWebDriver.findElement(RemoteWebDriver.java:323)\r\n\tat org.openqa.selenium.remote.RemoteWebDriver.findElementByCssSelector(RemoteWebDriver.java:420)\r\n\tat org.openqa.selenium.By$ByCssSelector.findElement(By.java:431)\r\n\tat org.openqa.selenium.remote.RemoteWebDriver.findElement(RemoteWebDriver.java:315)\r\n\tat org.openqa.selenium.support.ui.ExpectedConditions$6.apply(ExpectedConditions.java:182)\r\n\tat org.openqa.selenium.support.ui.ExpectedConditions$6.apply(ExpectedConditions.java:179)\r\n\tat org.openqa.selenium.support.ui.FluentWait.until(FluentWait.java:249)\r\n\t... 8 more\r\n"}],"currentIteration":1,"currentSegmentIndex":0,"isDataDriven":false,"name":"homePage","path":"web","result":"failed","status":"completed","segments":[{"index":0,"result":"passed","status":"completed","timeStarted":1644533501798,"timeCompleted":1644533501802},{"index":1,"result":"failed","status":"completed","timeStarted":1644533501809,"timeCompleted":1644533515316}],"tags":[],"timeStarted":1644533501798,"timeCompleted":1644533515316}],"timeCreated":1644533498486,"timeStarted":1644533501798,"timeCompleted":1644533515316,"lastActivity":1644533515315,"_id":"sKx0Uu91Bez6p9xb","actorTags":[],"environment":"","currentDataRecordIndex":-1}
{"id":1644534595,"actors":{"50948":{"id":50948,"lastSeenTime":1644534594333,"testSessionId":1644534595,"type":"ACTOR1","tags":[],"_id":"NrG1Ph6zkNpVhpDU","ip":"::ffff:127.0.0.1","tests":[{"currentSegmentIndex":1,"segments":[{"index":0,"status":"completed","timeStarted":1644534599564,"timeCompleted":1644534599569,"result":"passed"},{"index":1,"status":"completed","timeStarted":1644534599578,"timeCompleted":1644534601191,"result":"passed"}],"name":"homePage","path":"web","timeCompleted":null,"timeStarted":1644534599564}]}},"maxIterations":"1","currentIteration":1,"currentTestIndex":1,"currentSegmentIndex":0,"label":"Teste01 8","result":"passed","status":"completed","tests":[{"actions":[{"action":"org.getopentest.selenium.NavigateTo","actorType":"ACTOR1","args":{"url":"https://medicplanos-pedropaulo-softmakersm.vercel.app/"},"isCheckpoint":false,"description":"Navigate para a pagina do site","durationMs":1575,"macroStack":[],"result":"passed","segment":1},{"action":"org.getopentest.selenium.AssertElementPresent","actorType":"ACTOR1","args":{"locator":{"css":"div[class*='styles_headerButtons__3B23e'] p"}},"isCheckpoint":false,"description":"valida se é a tela orgao regulatorio","durationMs":32,"macroStack":[],"result":"passed","segment":1}],"currentIteration":1,"currentSegmentIndex":0,"isDataDriven":false,"name":"homePage","path":"web","result":"passed","status":"completed","segments":[{"index":0,"result":"passed","status":"completed","timeStarted":1644534599564,"timeCompleted":1644534599569},{"index":1,"result":"passed","status":"completed","timeStarted":1644534599578,"timeCompleted":1644534601191}],"tags":[],"timeStarted":1644534599564,"timeCompleted":1644534601191}],"timeCreated":1644534594886,"timeStarted":1644534599564,"timeCompleted":1644534601191,"lastActivity":1644534601191,"_id":"w2hI5khjsXv51Rcs","actorTags":[],"environment":"","currentDataRecordIndex":-1}
